TpTrace Verbose: 0 : 14188, 1, 2024/05/16, 22:18:58.649, 5522410757389, vstest.console.dll, Version: 17.9.0-release-23627-01 Current process architecture: X64
TpTrace Verbose: 0 : 14188, 1, 2024/05/16, 22:18:58.652, 5522410789198, vstest.console.dll, Runtime location: C:\Program Files\dotnet\shared\Microsoft.NETCore.App\8.0.2
TpTrace Verbose: 0 : 14188, 1, 2024/05/16, 22:18:58.654, 5522410811556, vstest.console.dll, ArtifactProcessingPostProcessModeProcessorExecutor.Initialize: ArtifactProcessingMode.Collect
TpTrace Verbose: 0 : 14188, 1, 2024/05/16, 22:18:58.654, 5522410813183, vstest.console.dll, TestSessionCorrelationIdProcessorModeProcessorExecutor.Initialize: TestSessionCorrelationId '13768_0e94956b-e01d-4088-b7bd-af6b2f77415f'
TpTrace Information: 0 : 14188, 1, 2024/05/16, 22:18:58.663, 5522410902546, vstest.console.dll, FilePatternParser: The given file C:\Users\Admin\source\repos\ASPNETAssignment1\BusinessTest\bin\Debug\net8.0\fine-code-coverage\build-output\ASPNETAssignment1.Tests.dll is a full path.
TpTrace Verbose: 0 : 14188, 1, 2024/05/16, 22:18:58.668, 5522410947131, vstest.console.dll, TestPluginCache.DiscoverTestExtensions: finding test extensions in assemblies ends with: RuntimeProvider.dll TPluginInfo: Microsoft.VisualStudio.TestPlatform.Common.ExtensionFramework.Utilities.TestRuntimePluginInformation TExtension: Microsoft.VisualStudio.TestPlatform.ObjectModel.Host.ITestRuntimeProvider
TpTrace Verbose: 0 : 14188, 1, 2024/05/16, 22:18:58.668, 5522410950697, vstest.console.dll, TestPluginCache.GetExtensionPaths: Filtered extension paths: 
TpTrace Verbose: 0 : 14188, 1, 2024/05/16, 22:18:58.668, 5522410951642, vstest.console.dll, TestPluginCache.GetExtensionPaths: Added default extension paths: C:\Program Files\dotnet\sdk\8.0.200\Extensions\Microsoft.Diagnostics.NETCore.Client.dll
C:\Program Files\dotnet\sdk\8.0.200\Extensions\Microsoft.TestPlatform.Extensions.BlameDataCollector.dll
C:\Program Files\dotnet\sdk\8.0.200\Extensions\Microsoft.TestPlatform.Extensions.EventLogCollector.dll
C:\Program Files\dotnet\sdk\8.0.200\Extensions\Microsoft.TestPlatform.TestHostRuntimeProvider.dll
C:\Program Files\dotnet\sdk\8.0.200\Extensions\Microsoft.VisualStudio.TestPlatform.Extensions.Html.TestLogger.dll
C:\Program Files\dotnet\sdk\8.0.200\Extensions\Microsoft.VisualStudio.TestPlatform.Extensions.Trx.TestLogger.dll
TpTrace Verbose: 0 : 14188, 1, 2024/05/16, 22:18:58.668, 5522410952062, vstest.console.dll, TestPluginCache.GetExtensionPaths: Added unfilterableExtensionPaths: 
TpTrace Information: 0 : 14188, 1, 2024/05/16, 22:18:58.669, 5522410959341, vstest.console.dll, AssemblyResolver.ctor: Creating AssemblyResolver with searchDirectories C:\Program Files\dotnet\sdk\8.0.200\Extensions,C:\Program Files\dotnet\sdk\8.0.200
TpTrace Verbose: 0 : 14188, 1, 2024/05/16, 22:18:58.670, 5522410972260, vstest.console.dll, TestPluginCache.DiscoverTestExtensions: Discovering the extensions using extension path.
TpTrace Verbose: 0 : 14188, 1, 2024/05/16, 22:18:58.670, 5522410973674, vstest.console.dll, TestPluginCache.GetExtensionPaths: Filtered extension paths: 
TpTrace Verbose: 0 : 14188, 1, 2024/05/16, 22:18:58.670, 5522410974128, vstest.console.dll, TestPluginCache.GetExtensionPaths: Added default extension paths: C:\Program Files\dotnet\sdk\8.0.200\Extensions\Microsoft.Diagnostics.NETCore.Client.dll
C:\Program Files\dotnet\sdk\8.0.200\Extensions\Microsoft.TestPlatform.Extensions.BlameDataCollector.dll
C:\Program Files\dotnet\sdk\8.0.200\Extensions\Microsoft.TestPlatform.Extensions.EventLogCollector.dll
C:\Program Files\dotnet\sdk\8.0.200\Extensions\Microsoft.TestPlatform.TestHostRuntimeProvider.dll
C:\Program Files\dotnet\sdk\8.0.200\Extensions\Microsoft.VisualStudio.TestPlatform.Extensions.Html.TestLogger.dll
C:\Program Files\dotnet\sdk\8.0.200\Extensions\Microsoft.VisualStudio.TestPlatform.Extensions.Trx.TestLogger.dll
TpTrace Verbose: 0 : 14188, 1, 2024/05/16, 22:18:58.670, 5522410974503, vstest.console.dll, TestPluginCache.GetExtensionPaths: Added unfilterableExtensionPaths: 
TpTrace Verbose: 0 : 14188, 1, 2024/05/16, 22:18:58.670, 5522410975109, vstest.console.dll, TestPluginCache.DiscoverTestExtensions: Discovering the extensions using allExtensionPaths: C:\Program Files\dotnet\sdk\8.0.200\Extensions\Microsoft.Diagnostics.NETCore.Client.dll
C:\Program Files\dotnet\sdk\8.0.200\Extensions\Microsoft.TestPlatform.Extensions.BlameDataCollector.dll
C:\Program Files\dotnet\sdk\8.0.200\Extensions\Microsoft.TestPlatform.Extensions.EventLogCollector.dll
C:\Program Files\dotnet\sdk\8.0.200\Extensions\Microsoft.TestPlatform.TestHostRuntimeProvider.dll
C:\Program Files\dotnet\sdk\8.0.200\Extensions\Microsoft.VisualStudio.TestPlatform.Extensions.Html.TestLogger.dll
C:\Program Files\dotnet\sdk\8.0.200\Extensions\Microsoft.VisualStudio.TestPlatform.Extensions.Trx.TestLogger.dll
TpTrace Information: 0 : 14188, 1, 2024/05/16, 22:18:58.670, 5522410976536, vstest.console.dll, AssemblyResolver.AddSearchDirectories: Adding more searchDirectories C:\Program Files\dotnet\sdk\8.0.200\Extensions,C:\Program Files\dotnet\sdk\8.0.200
TpTrace Information: 0 : 14188, 1, 2024/05/16, 22:18:58.671, 5522410977117, vstest.console.dll, AssemblyResolver.AddSearchDirectories: Adding more searchDirectories C:\Program Files\dotnet\sdk\8.0.200\Extensions,C:\Program Files\dotnet\sdk\8.0.200
TpTrace Information: 0 : 14188, 1, 2024/05/16, 22:18:58.671, 5522410977480, vstest.console.dll, AssemblyResolver.AddSearchDirectories: Adding more searchDirectories C:\Program Files\dotnet\sdk\8.0.200\Extensions,C:\Program Files\dotnet\sdk\8.0.200
TpTrace Information: 0 : 14188, 1, 2024/05/16, 22:18:58.671, 5522410977857, vstest.console.dll, AssemblyResolver.AddSearchDirectories: Adding more searchDirectories C:\Program Files\dotnet\sdk\8.0.200\Extensions,C:\Program Files\dotnet\sdk\8.0.200
TpTrace Information: 0 : 14188, 1, 2024/05/16, 22:18:58.671, 5522410978604, vstest.console.dll, AssemblyResolver.AddSearchDirectories: Adding more searchDirectories C:\Program Files\dotnet\sdk\8.0.200\Extensions,C:\Program Files\dotnet\sdk\8.0.200
TpTrace Information: 0 : 14188, 1, 2024/05/16, 22:18:58.671, 5522410978965, vstest.console.dll, AssemblyResolver.AddSearchDirectories: Adding more searchDirectories C:\Program Files\dotnet\sdk\8.0.200\Extensions,C:\Program Files\dotnet\sdk\8.0.200
TpTrace Information: 0 : 14188, 1, 2024/05/16, 22:18:58.671, 5522410985042, vstest.console.dll, AssemblyResolver.OnResolve: Microsoft.Diagnostics.NETCore.Client: Resolving assembly.
TpTrace Information: 0 : 14188, 1, 2024/05/16, 22:18:58.671, 5522410985921, vstest.console.dll, AssemblyResolver.OnResolve: Microsoft.Diagnostics.NETCore.Client: Searching in: 'C:\Program Files\dotnet\sdk\8.0.200\Extensions'.
TpTrace Information: 0 : 14188, 1, 2024/05/16, 22:18:58.678, 5522411056652, vstest.console.dll, AssemblyResolver.OnResolve: Microsoft.Diagnostics.NETCore.Client: Loading assembly 'C:\Program Files\dotnet\sdk\8.0.200\Extensions\Microsoft.Diagnostics.NETCore.Client.dll'.
TpTrace Information: 0 : 14188, 1, 2024/05/16, 22:18:58.679, 5522411062706, vstest.console.dll, AssemblyResolver.OnResolve: Resolved assembly: Microsoft.Diagnostics.NETCore.Client, from path: C:\Program Files\dotnet\sdk\8.0.200\Extensions\Microsoft.Diagnostics.NETCore.Client.dll
TpTrace Verbose: 0 : 14188, 1, 2024/05/16, 22:18:58.684, 5522411114194, vstest.console.dll, MetadataReaderExtensionsHelper: Discovering extensions inside assembly 'Microsoft.Diagnostics.NETCore.Client, Version=0.2.9.2401, Culture=neutral, PublicKeyToken=31bf3856ad364e35' file path 'C:\Program Files\dotnet\sdk\8.0.200\Extensions\Microsoft.Diagnostics.NETCore.Client.dll'
TpTrace Information: 0 : 14188, 1, 2024/05/16, 22:18:58.688, 5522411153717, vstest.console.dll, AssemblyResolver.OnResolve: Microsoft.Bcl.AsyncInterfaces: Resolving assembly.
TpTrace Information: 0 : 14188, 1, 2024/05/16, 22:18:58.688, 5522411154659, vstest.console.dll, AssemblyResolver.OnResolve: Microsoft.Bcl.AsyncInterfaces: Searching in: 'C:\Program Files\dotnet\sdk\8.0.200\Extensions'.
TpTrace Information: 0 : 14188, 1, 2024/05/16, 22:18:58.688, 5522411155626, vstest.console.dll, AssemblyResolver.OnResolve: Microsoft.Bcl.AsyncInterfaces: Assembly path does not exist: 'C:\Program Files\dotnet\sdk\8.0.200\Extensions\Microsoft.Bcl.AsyncInterfaces.dll', returning.
TpTrace Information: 0 : 14188, 1, 2024/05/16, 22:18:58.688, 5522411156808, vstest.console.dll, AssemblyResolver.OnResolve: Microsoft.Bcl.AsyncInterfaces: Assembly path does not exist: 'C:\Program Files\dotnet\sdk\8.0.200\Extensions\Microsoft.Bcl.AsyncInterfaces.exe', returning.
TpTrace Information: 0 : 14188, 1, 2024/05/16, 22:18:58.689, 5522411157346, vstest.console.dll, AssemblyResolver.OnResolve: Microsoft.Bcl.AsyncInterfaces: Searching in: 'C:\Program Files\dotnet\sdk\8.0.200'.
TpTrace Information: 0 : 14188, 1, 2024/05/16, 22:18:58.689, 5522411158098, vstest.console.dll, AssemblyResolver.OnResolve: Microsoft.Bcl.AsyncInterfaces: Assembly path does not exist: 'C:\Program Files\dotnet\sdk\8.0.200\Microsoft.Bcl.AsyncInterfaces.dll', returning.
TpTrace Information: 0 : 14188, 1, 2024/05/16, 22:18:58.689, 5522411158795, vstest.console.dll, AssemblyResolver.OnResolve: Microsoft.Bcl.AsyncInterfaces: Assembly path does not exist: 'C:\Program Files\dotnet\sdk\8.0.200\Microsoft.Bcl.AsyncInterfaces.exe', returning.
TpTrace Information: 0 : 14188, 1, 2024/05/16, 22:18:58.689, 5522411159156, vstest.console.dll, AssemblyResolver.OnResolve: Microsoft.Bcl.AsyncInterfaces: Failed to load assembly.
TpTrace Verbose: 0 : 14188, 1, 2024/05/16, 22:18:58.689, 5522411159561, vstest.console.dll, CurrentDomainAssemblyResolve: Resolving assembly 'Microsoft.Bcl.AsyncInterfaces'.
TpTrace Information: 0 : 14188, 1, 2024/05/16, 22:18:58.689, 5522411160251, vstest.console.dll, AssemblyResolver.OnResolve: Microsoft.Bcl.AsyncInterfaces: Resolving assembly.
TpTrace Information: 0 : 14188, 1, 2024/05/16, 22:18:58.689, 5522411160803, vstest.console.dll, AssemblyResolver.OnResolve: Microsoft.Bcl.AsyncInterfaces: Resolved from cache.
TpTrace Verbose: 0 : 14188, 1, 2024/05/16, 22:18:58.689, 5522411161159, vstest.console.dll, CurrentDomainAssemblyResolve: Resolving assembly 'Microsoft.Bcl.AsyncInterfaces'.
TpTrace Verbose: 0 : 14188, 1, 2024/05/16, 22:18:58.689, 5522411161550, vstest.console.dll, CurrentDomainAssemblyResolve: Failed to resolve assembly 'Microsoft.Bcl.AsyncInterfaces'.
TpTrace Verbose: 0 : 14188, 1, 2024/05/16, 22:18:58.690, 5522411169078, vstest.console.dll, CurrentDomainAssemblyResolve: Failed to resolve assembly 'Microsoft.Bcl.AsyncInterfaces'.
TpTrace Warning: 0 : 14188, 1, 2024/05/16, 22:18:58.700, 5522411269300, vstest.console.dll, TestPluginDiscoverer: Failed to get types from assembly 'Microsoft.Diagnostics.NETCore.Client, Version=0.2.9.2401, Culture=neutral, PublicKeyToken=31bf3856ad364e35'. Error: System.Reflection.ReflectionTypeLoadException: Unable to load one or more of the requested types.
Could not load file or assembly 'Microsoft.Bcl.AsyncInterfaces, Version=6.0.0.0, Culture=neutral, PublicKeyToken=cc7b13ffcd2ddd51'. The system cannot find the file specified.
   at System.Reflection.RuntimeModule.GetTypes(RuntimeModule module)
   at System.Reflection.RuntimeModule.GetTypes()
   at Microsoft.VisualStudio.TestPlatform.Common.ExtensionFramework.TestPluginDiscoverer.GetTestExtensionsFromAssembly[TPluginInfo,TExtension](Assembly assembly, Dictionary`2 pluginInfos, String filePath) in /_/src/Microsoft.TestPlatform.Common/ExtensionFramework/TestPluginDiscoverer.cs:line 158
System.IO.FileNotFoundException: Could not load file or assembly 'Microsoft.Bcl.AsyncInterfaces, Version=6.0.0.0, Culture=neutral, PublicKeyToken=cc7b13ffcd2ddd51'. The system cannot find the file specified.
File name: 'Microsoft.Bcl.AsyncInterfaces, Version=6.0.0.0, Culture=neutral, PublicKeyToken=cc7b13ffcd2ddd51'
 ---> System.IO.FileNotFoundException: Could not load file or assembly 'Microsoft.Bcl.AsyncInterfaces, Culture=neutral, PublicKeyToken=null'. The system cannot find the file specified.
File name: 'Microsoft.Bcl.AsyncInterfaces, Culture=neutral, PublicKeyToken=null'
   at System.Reflection.RuntimeAssembly.InternalLoad(AssemblyName assemblyName, StackCrawlMark& stackMark, AssemblyLoadContext assemblyLoadContext, RuntimeAssembly requestingAssembly, Boolean throwOnFileNotFound)
   at System.Reflection.Assembly.Load(AssemblyName assemblyRef)
   at Microsoft.VisualStudio.TestPlatform.Common.ExtensionFramework.TestPluginCache.CurrentDomainAssemblyResolve(Object sender, AssemblyResolveEventArgs args) in /_/src/Microsoft.TestPlatform.Common/ExtensionFramework/TestPluginCache.cs:line 513
   at System.Runtime.Loader.AssemblyLoadContext.GetFirstResolvedAssemblyFromResolvingEvent(AssemblyName assemblyName)
   at System.Runtime.Loader.AssemblyLoadContext.ResolveUsingEvent(AssemblyName assemblyName)
   at System.Runtime.Loader.AssemblyLoadContext.ResolveUsingResolvingEvent(IntPtr gchManagedAssemblyLoadContext, AssemblyName assemblyName)
TpTrace Warning: 0 : 14188, 1, 2024/05/16, 22:18:58.700, 5522411272954, vstest.console.dll, LoaderExceptions: System.IO.FileNotFoundException: Could not load file or assembly 'Microsoft.Bcl.AsyncInterfaces, Version=6.0.0.0, Culture=neutral, PublicKeyToken=cc7b13ffcd2ddd51'. The system cannot find the file specified.
File name: 'Microsoft.Bcl.AsyncInterfaces, Version=6.0.0.0, Culture=neutral, PublicKeyToken=cc7b13ffcd2ddd51'
 ---> System.IO.FileNotFoundException: Could not load file or assembly 'Microsoft.Bcl.AsyncInterfaces, Culture=neutral, PublicKeyToken=null'. The system cannot find the file specified.
File name: 'Microsoft.Bcl.AsyncInterfaces, Culture=neutral, PublicKeyToken=null'
   at System.Reflection.RuntimeAssembly.InternalLoad(AssemblyName assemblyName, StackCrawlMark& stackMark, AssemblyLoadContext assemblyLoadContext, RuntimeAssembly requestingAssembly, Boolean throwOnFileNotFound)
   at System.Reflection.Assembly.Load(AssemblyName assemblyRef)
   at Microsoft.VisualStudio.TestPlatform.Common.ExtensionFramework.TestPluginCache.CurrentDomainAssemblyResolve(Object sender, AssemblyResolveEventArgs args) in /_/src/Microsoft.TestPlatform.Common/ExtensionFramework/TestPluginCache.cs:line 513
   at System.Runtime.Loader.AssemblyLoadContext.GetFirstResolvedAssemblyFromResolvingEvent(AssemblyName assemblyName)
   at System.Runtime.Loader.AssemblyLoadContext.ResolveUsingEvent(AssemblyName assemblyName)
   at System.Runtime.Loader.AssemblyLoadContext.ResolveUsingResolvingEvent(IntPtr gchManagedAssemblyLoadContext, AssemblyName assemblyName)
TpTrace Information: 0 : 14188, 1, 2024/05/16, 22:18:58.700, 5522411274472, vstest.console.dll, AssemblyResolver.OnResolve: Microsoft.TestPlatform.Extensions.BlameDataCollector: Resolving assembly.
TpTrace Information: 0 : 14188, 1, 2024/05/16, 22:18:58.700, 5522411274930, vstest.console.dll, AssemblyResolver.OnResolve: Microsoft.TestPlatform.Extensions.BlameDataCollector: Searching in: 'C:\Program Files\dotnet\sdk\8.0.200\Extensions'.
TpTrace Information: 0 : 14188, 1, 2024/05/16, 22:18:58.701, 5522411278603, vstest.console.dll, AssemblyResolver.OnResolve: Microsoft.TestPlatform.Extensions.BlameDataCollector: Loading assembly 'C:\Program Files\dotnet\sdk\8.0.200\Extensions\Microsoft.TestPlatform.Extensions.BlameDataCollector.dll'.
TpTrace Information: 0 : 14188, 1, 2024/05/16, 22:18:58.701, 5522411282902, vstest.console.dll, AssemblyResolver.OnResolve: Resolved assembly: Microsoft.TestPlatform.Extensions.BlameDataCollector, from path: C:\Program Files\dotnet\sdk\8.0.200\Extensions\Microsoft.TestPlatform.Extensions.BlameDataCollector.dll
TpTrace Verbose: 0 : 14188, 1, 2024/05/16, 22:18:58.701, 5522411283704, vstest.console.dll, MetadataReaderExtensionsHelper: Discovering extensions inside assembly 'Microsoft.TestPlatform.Extensions.BlameDataCollector, Version=15.0.0.0, Culture=neutral, PublicKeyToken=b03f5f7f11d50a3a' file path 'C:\Program Files\dotnet\sdk\8.0.200\Extensions\Microsoft.TestPlatform.Extensions.BlameDataCollector.dll'
TpTrace Information: 0 : 14188, 1, 2024/05/16, 22:18:58.702, 5522411296581, vstest.console.dll, AssemblyResolver.OnResolve: Microsoft.TestPlatform.Extensions.EventLogCollector: Resolving assembly.
TpTrace Information: 0 : 14188, 1, 2024/05/16, 22:18:58.703, 5522411297388, vstest.console.dll, AssemblyResolver.OnResolve: Microsoft.TestPlatform.Extensions.EventLogCollector: Searching in: 'C:\Program Files\dotnet\sdk\8.0.200\Extensions'.
TpTrace Information: 0 : 14188, 1, 2024/05/16, 22:18:58.703, 5522411300277, vstest.console.dll, AssemblyResolver.OnResolve: Microsoft.TestPlatform.Extensions.EventLogCollector: Loading assembly 'C:\Program Files\dotnet\sdk\8.0.200\Extensions\Microsoft.TestPlatform.Extensions.EventLogCollector.dll'.
TpTrace Information: 0 : 14188, 1, 2024/05/16, 22:18:58.703, 5522411303254, vstest.console.dll, AssemblyResolver.OnResolve: Resolved assembly: Microsoft.TestPlatform.Extensions.EventLogCollector, from path: C:\Program Files\dotnet\sdk\8.0.200\Extensions\Microsoft.TestPlatform.Extensions.EventLogCollector.dll
TpTrace Verbose: 0 : 14188, 1, 2024/05/16, 22:18:58.703, 5522411303853, vstest.console.dll, MetadataReaderExtensionsHelper: Discovering extensions inside assembly 'Microsoft.TestPlatform.Extensions.EventLogCollector, Version=15.0.0.0, Culture=neutral, PublicKeyToken=b03f5f7f11d50a3a' file path 'C:\Program Files\dotnet\sdk\8.0.200\Extensions\Microsoft.TestPlatform.Extensions.EventLogCollector.dll'
TpTrace Information: 0 : 14188, 1, 2024/05/16, 22:18:58.705, 5522411319235, vstest.console.dll, AssemblyResolver.OnResolve: Microsoft.TestPlatform.TestHostRuntimeProvider: Resolving assembly.
TpTrace Information: 0 : 14188, 1, 2024/05/16, 22:18:58.705, 5522411319883, vstest.console.dll, AssemblyResolver.OnResolve: Microsoft.TestPlatform.TestHostRuntimeProvider: Searching in: 'C:\Program Files\dotnet\sdk\8.0.200\Extensions'.
TpTrace Information: 0 : 14188, 1, 2024/05/16, 22:18:58.705, 5522411322192, vstest.console.dll, AssemblyResolver.OnResolve: Microsoft.TestPlatform.TestHostRuntimeProvider: Loading assembly 'C:\Program Files\dotnet\sdk\8.0.200\Extensions\Microsoft.TestPlatform.TestHostRuntimeProvider.dll'.
TpTrace Information: 0 : 14188, 1, 2024/05/16, 22:18:58.705, 5522411326216, vstest.console.dll, AssemblyResolver.OnResolve: Resolved assembly: Microsoft.TestPlatform.TestHostRuntimeProvider, from path: C:\Program Files\dotnet\sdk\8.0.200\Extensions\Microsoft.TestPlatform.TestHostRuntimeProvider.dll
TpTrace Verbose: 0 : 14188, 1, 2024/05/16, 22:18:58.705, 5522411326903, vstest.console.dll, MetadataReaderExtensionsHelper: Discovering extensions inside assembly 'Microsoft.TestPlatform.TestHostRuntimeProvider, Version=15.0.0.0, Culture=neutral, PublicKeyToken=b03f5f7f11d50a3a' file path 'C:\Program Files\dotnet\sdk\8.0.200\Extensions\Microsoft.TestPlatform.TestHostRuntimeProvider.dll'
TpTrace Information: 0 : 14188, 1, 2024/05/16, 22:18:58.707, 5522411340684, vstest.console.dll, GetTestExtensionFromType: Register extension with identifier data 'HostProvider://DefaultTestHost' and type 'Microsoft.VisualStudio.TestPlatform.CrossPlatEngine.Hosting.DefaultTestHostManager, Microsoft.TestPlatform.TestHostRuntimeProvider, Version=15.0.0.0, Culture=neutral, PublicKeyToken=b03f5f7f11d50a3a' inside file 'C:\Program Files\dotnet\sdk\8.0.200\Extensions\Microsoft.TestPlatform.TestHostRuntimeProvider.dll'
TpTrace Information: 0 : 14188, 1, 2024/05/16, 22:18:58.707, 5522411343066, vstest.console.dll, GetTestExtensionFromType: Register extension with identifier data 'HostProvider://DotnetTestHost' and type 'Microsoft.VisualStudio.TestPlatform.CrossPlatEngine.Hosting.DotnetTestHostManager, Microsoft.TestPlatform.TestHostRuntimeProvider, Version=15.0.0.0, Culture=neutral, PublicKeyToken=b03f5f7f11d50a3a' inside file 'C:\Program Files\dotnet\sdk\8.0.200\Extensions\Microsoft.TestPlatform.TestHostRuntimeProvider.dll'
TpTrace Information: 0 : 14188, 1, 2024/05/16, 22:18:58.707, 5522411343865, vstest.console.dll, AssemblyResolver.OnResolve: Microsoft.VisualStudio.TestPlatform.Extensions.Html.TestLogger: Resolving assembly.
TpTrace Information: 0 : 14188, 1, 2024/05/16, 22:18:58.707, 5522411344290, vstest.console.dll, AssemblyResolver.OnResolve: Microsoft.VisualStudio.TestPlatform.Extensions.Html.TestLogger: Searching in: 'C:\Program Files\dotnet\sdk\8.0.200\Extensions'.
TpTrace Information: 0 : 14188, 1, 2024/05/16, 22:18:58.708, 5522411347460, vstest.console.dll, AssemblyResolver.OnResolve: Microsoft.VisualStudio.TestPlatform.Extensions.Html.TestLogger: Loading assembly 'C:\Program Files\dotnet\sdk\8.0.200\Extensions\Microsoft.VisualStudio.TestPlatform.Extensions.Html.TestLogger.dll'.
TpTrace Information: 0 : 14188, 1, 2024/05/16, 22:18:58.708, 5522411351645, vstest.console.dll, AssemblyResolver.OnResolve: Resolved assembly: Microsoft.VisualStudio.TestPlatform.Extensions.Html.TestLogger, from path: C:\Program Files\dotnet\sdk\8.0.200\Extensions\Microsoft.VisualStudio.TestPlatform.Extensions.Html.TestLogger.dll
TpTrace Verbose: 0 : 14188, 1, 2024/05/16, 22:18:58.708, 5522411352450, vstest.console.dll, MetadataReaderExtensionsHelper: Discovering extensions inside assembly 'Microsoft.VisualStudio.TestPlatform.Extensions.Html.TestLogger, Version=15.0.0.0, Culture=neutral, PublicKeyToken=b03f5f7f11d50a3a' file path 'C:\Program Files\dotnet\sdk\8.0.200\Extensions\Microsoft.VisualStudio.TestPlatform.Extensions.Html.TestLogger.dll'
TpTrace Information: 0 : 14188, 1, 2024/05/16, 22:18:58.709, 5522411359191, vstest.console.dll, AssemblyResolver.OnResolve: Microsoft.VisualStudio.TestPlatform.Extensions.Trx.TestLogger: Resolving assembly.
TpTrace Information: 0 : 14188, 1, 2024/05/16, 22:18:58.709, 5522411359854, vstest.console.dll, AssemblyResolver.OnResolve: Microsoft.VisualStudio.TestPlatform.Extensions.Trx.TestLogger: Searching in: 'C:\Program Files\dotnet\sdk\8.0.200\Extensions'.
TpTrace Information: 0 : 14188, 1, 2024/05/16, 22:18:58.709, 5522411362143, vstest.console.dll, AssemblyResolver.OnResolve: Microsoft.VisualStudio.TestPlatform.Extensions.Trx.TestLogger: Loading assembly 'C:\Program Files\dotnet\sdk\8.0.200\Extensions\Microsoft.VisualStudio.TestPlatform.Extensions.Trx.TestLogger.dll'.
TpTrace Information: 0 : 14188, 1, 2024/05/16, 22:18:58.709, 5522411366099, vstest.console.dll, AssemblyResolver.OnResolve: Resolved assembly: Microsoft.VisualStudio.TestPlatform.Extensions.Trx.TestLogger, from path: C:\Program Files\dotnet\sdk\8.0.200\Extensions\Microsoft.VisualStudio.TestPlatform.Extensions.Trx.TestLogger.dll
TpTrace Verbose: 0 : 14188, 1, 2024/05/16, 22:18:58.709, 5522411366822, vstest.console.dll, MetadataReaderExtensionsHelper: Discovering extensions inside assembly 'Microsoft.VisualStudio.TestPlatform.Extensions.Trx.TestLogger, Version=15.0.0.0, Culture=neutral, PublicKeyToken=b03f5f7f11d50a3a' file path 'C:\Program Files\dotnet\sdk\8.0.200\Extensions\Microsoft.VisualStudio.TestPlatform.Extensions.Trx.TestLogger.dll'
TpTrace Verbose: 0 : 14188, 1, 2024/05/16, 22:18:58.710, 5522411375399, vstest.console.dll, TestPluginCache: Discovered the extensions using extension path ''.
TpTrace Verbose: 0 : 14188, 1, 2024/05/16, 22:18:58.710, 5522411376285, vstest.console.dll, TestPluginCache: Discoverers are ''.
TpTrace Verbose: 0 : 14188, 1, 2024/05/16, 22:18:58.710, 5522411376657, vstest.console.dll, TestPluginCache: Executors are ''.
TpTrace Verbose: 0 : 14188, 1, 2024/05/16, 22:18:58.711, 5522411376974, vstest.console.dll, TestPluginCache: Executors2 are ''.
TpTrace Verbose: 0 : 14188, 1, 2024/05/16, 22:18:58.711, 5522411377297, vstest.console.dll, TestPluginCache: Setting providers are ''.
TpTrace Verbose: 0 : 14188, 1, 2024/05/16, 22:18:58.711, 5522411377564, vstest.console.dll, TestPluginCache: Loggers are ''.
TpTrace Verbose: 0 : 14188, 1, 2024/05/16, 22:18:58.711, 5522411379392, vstest.console.dll, TestPluginCache: TestHosts are 'HostProvider://DefaultTestHost,HostProvider://DotnetTestHost'.
TpTrace Verbose: 0 : 14188, 1, 2024/05/16, 22:18:58.711, 5522411379807, vstest.console.dll, TestPluginCache: DataCollectors are ''.
TpTrace Information: 0 : 14188, 1, 2024/05/16, 22:18:58.722, 5522411496117, vstest.console.dll, RunTestsArgumentProcessor:Execute: Test run is starting.
TpTrace Verbose: 0 : 14188, 1, 2024/05/16, 22:18:58.723, 5522411497008, vstest.console.dll, RunTestsArgumentProcessor:Execute: Queuing Test run.
TpTrace Information: 0 : 14188, 1, 2024/05/16, 22:18:58.723, 5522411499628, vstest.console.dll, TestRequestManager.RunTests: run tests started.
TpTrace Information: 0 : 14188, 1, 2024/05/16, 22:18:58.724, 5522411510474, vstest.console.dll, AssemblyMetadataProvider.GetFrameworkName: Determined framework:'.NETCoreApp,Version=v8.0' for source: 'C:\Users\Admin\source\repos\ASPNETAssignment1\BusinessTest\bin\Debug\net8.0\fine-code-coverage\build-output\ASPNETAssignment1.Tests.dll'
TpTrace Information: 0 : 14188, 1, 2024/05/16, 22:18:58.724, 5522411511807, vstest.console.dll, Determined framework for all sources: .NETCoreApp,Version=v8.0
TpTrace Verbose: 0 : 14188, 1, 2024/05/16, 22:18:58.724, 5522411514639, vstest.console.dll, TestRequestManager.UpdateRunSettingsIfRequired: Default architecture: X64 IsDefaultTargetArchitecture: True, Current process architecture: X64 OperatingSystem: Windows.
TpTrace Information: 0 : 14188, 1, 2024/05/16, 22:18:58.726, 5522411530734, vstest.console.dll, AssemblyMetadataProvider.GetArchitecture: Determined architecture:AnyCPU info for assembly: C:\Users\Admin\source\repos\ASPNETAssignment1\BusinessTest\bin\Debug\net8.0\fine-code-coverage\build-output\ASPNETAssignment1.Tests.dll
TpTrace Information: 0 : 14188, 1, 2024/05/16, 22:18:58.726, 5522411531260, vstest.console.dll, Determined platform for source 'C:\Users\Admin\source\repos\ASPNETAssignment1\BusinessTest\bin\Debug\net8.0\fine-code-coverage\build-output\ASPNETAssignment1.Tests.dll' was AnyCPU and it will use the default plaform X64.
TpTrace Information: 0 : 14188, 1, 2024/05/16, 22:18:58.726, 5522411531646, vstest.console.dll, None of the sources provided any runnable platform, using the default platform: X64
TpTrace Information: 0 : 14188, 1, 2024/05/16, 22:18:58.726, 5522411532431, vstest.console.dll, Platform was updated to 'X64'.
TpTrace Information: 0 : 14188, 1, 2024/05/16, 22:18:58.729, 5522411562079, vstest.console.dll, InferRunSettingsHelper.IsTestSettingsEnabled: Unable to navigate to RunSettings/MSTest. Current node: RunSettings
TpTrace Information: 0 : 14188, 1, 2024/05/16, 22:18:58.730, 5522411567904, vstest.console.dll, AssemblyResolver.OnResolve: Microsoft.VisualStudio.TestPlatform.Fakes: Resolving assembly.
TpTrace Information: 0 : 14188, 1, 2024/05/16, 22:18:58.730, 5522411568469, vstest.console.dll, AssemblyResolver.OnResolve: Microsoft.VisualStudio.TestPlatform.Fakes: Searching in: 'C:\Program Files\dotnet\sdk\8.0.200\Extensions'.
TpTrace Information: 0 : 14188, 1, 2024/05/16, 22:18:58.730, 5522411569387, vstest.console.dll, AssemblyResolver.OnResolve: Microsoft.VisualStudio.TestPlatform.Fakes: Assembly path does not exist: 'C:\Program Files\dotnet\sdk\8.0.200\Extensions\Microsoft.VisualStudio.TestPlatform.Fakes.dll', returning.
TpTrace Information: 0 : 14188, 1, 2024/05/16, 22:18:58.730, 5522411570102, vstest.console.dll, AssemblyResolver.OnResolve: Microsoft.VisualStudio.TestPlatform.Fakes: Assembly path does not exist: 'C:\Program Files\dotnet\sdk\8.0.200\Extensions\Microsoft.VisualStudio.TestPlatform.Fakes.exe', returning.
TpTrace Information: 0 : 14188, 1, 2024/05/16, 22:18:58.730, 5522411570426, vstest.console.dll, AssemblyResolver.OnResolve: Microsoft.VisualStudio.TestPlatform.Fakes: Searching in: 'C:\Program Files\dotnet\sdk\8.0.200'.
TpTrace Information: 0 : 14188, 1, 2024/05/16, 22:18:58.730, 5522411571052, vstest.console.dll, AssemblyResolver.OnResolve: Microsoft.VisualStudio.TestPlatform.Fakes: Assembly path does not exist: 'C:\Program Files\dotnet\sdk\8.0.200\Microsoft.VisualStudio.TestPlatform.Fakes.dll', returning.
TpTrace Information: 0 : 14188, 1, 2024/05/16, 22:18:58.730, 5522411571706, vstest.console.dll, AssemblyResolver.OnResolve: Microsoft.VisualStudio.TestPlatform.Fakes: Assembly path does not exist: 'C:\Program Files\dotnet\sdk\8.0.200\Microsoft.VisualStudio.TestPlatform.Fakes.exe', returning.
TpTrace Information: 0 : 14188, 1, 2024/05/16, 22:18:58.730, 5522411572024, vstest.console.dll, AssemblyResolver.OnResolve: Microsoft.VisualStudio.TestPlatform.Fakes: Failed to load assembly.
TpTrace Information: 0 : 14188, 1, 2024/05/16, 22:18:58.730, 5522411574251, vstest.console.dll, Failed to load assembly Microsoft.VisualStudio.TestPlatform.Fakes, Version=17.0.0.0, Culture=neutral. Reason:System.IO.FileNotFoundException: Could not load file or assembly 'Microsoft.VisualStudio.TestPlatform.Fakes, Version=17.0.0.0, Culture=neutral, PublicKeyToken=null'. The system cannot find the file specified.
File name: 'Microsoft.VisualStudio.TestPlatform.Fakes, Version=17.0.0.0, Culture=neutral, PublicKeyToken=null'
   at System.Reflection.RuntimeAssembly.InternalLoad(AssemblyName assemblyName, StackCrawlMark& stackMark, AssemblyLoadContext assemblyLoadContext, RuntimeAssembly requestingAssembly, Boolean throwOnFileNotFound)
   at System.Reflection.Assembly.Load(AssemblyName assemblyRef)
   at Microsoft.VisualStudio.TestPlatform.Common.Utilities.FakesUtilities.LoadTestPlatformAssembly() in /_/src/Microsoft.TestPlatform.Common/Utilities/FakesUtilities.cs:line 272
TpTrace Verbose: 0 : 14188, 1, 2024/05/16, 22:18:58.734, 5522411607072, vstest.console.dll, TestPluginCache.DiscoverTestExtensions: finding test extensions in assemblies ends with: TestLogger.dll TPluginInfo: Microsoft.VisualStudio.TestPlatform.Common.ExtensionFramework.Utilities.TestLoggerPluginInformation TExtension: Microsoft.VisualStudio.TestPlatform.ObjectModel.Client.ITestLogger
TpTrace Verbose: 0 : 14188, 1, 2024/05/16, 22:18:58.734, 5522411608039, vstest.console.dll, TestPluginCache.GetExtensionPaths: Filtered extension paths: 
TpTrace Verbose: 0 : 14188, 1, 2024/05/16, 22:18:58.734, 5522411608449, vstest.console.dll, TestPluginCache.GetExtensionPaths: Added default extension paths: C:\Program Files\dotnet\sdk\8.0.200\Extensions\Microsoft.Diagnostics.NETCore.Client.dll
C:\Program Files\dotnet\sdk\8.0.200\Extensions\Microsoft.TestPlatform.Extensions.BlameDataCollector.dll
C:\Program Files\dotnet\sdk\8.0.200\Extensions\Microsoft.TestPlatform.Extensions.EventLogCollector.dll
C:\Program Files\dotnet\sdk\8.0.200\Extensions\Microsoft.TestPlatform.TestHostRuntimeProvider.dll
C:\Program Files\dotnet\sdk\8.0.200\Extensions\Microsoft.VisualStudio.TestPlatform.Extensions.Html.TestLogger.dll
C:\Program Files\dotnet\sdk\8.0.200\Extensions\Microsoft.VisualStudio.TestPlatform.Extensions.Trx.TestLogger.dll
TpTrace Verbose: 0 : 14188, 1, 2024/05/16, 22:18:58.734, 5522411608763, vstest.console.dll, TestPluginCache.GetExtensionPaths: Added unfilterableExtensionPaths: 
TpTrace Information: 0 : 14188, 1, 2024/05/16, 22:18:58.734, 5522411610030, vstest.console.dll, AssemblyResolver.AddSearchDirectories: Adding more searchDirectories C:\Program Files\dotnet\sdk\8.0.200\Extensions,C:\Program Files\dotnet\sdk\8.0.200
TpTrace Verbose: 0 : 14188, 1, 2024/05/16, 22:18:58.734, 5522411610481, vstest.console.dll, TestPluginCache.DiscoverTestExtensions: Discovering the extensions using extension path.
TpTrace Verbose: 0 : 14188, 1, 2024/05/16, 22:18:58.734, 5522411610829, vstest.console.dll, TestPluginCache.GetExtensionPaths: Filtered extension paths: 
TpTrace Verbose: 0 : 14188, 1, 2024/05/16, 22:18:58.734, 5522411611194, vstest.console.dll, TestPluginCache.GetExtensionPaths: Added default extension paths: C:\Program Files\dotnet\sdk\8.0.200\Extensions\Microsoft.Diagnostics.NETCore.Client.dll
C:\Program Files\dotnet\sdk\8.0.200\Extensions\Microsoft.TestPlatform.Extensions.BlameDataCollector.dll
C:\Program Files\dotnet\sdk\8.0.200\Extensions\Microsoft.TestPlatform.Extensions.EventLogCollector.dll
C:\Program Files\dotnet\sdk\8.0.200\Extensions\Microsoft.TestPlatform.TestHostRuntimeProvider.dll
C:\Program Files\dotnet\sdk\8.0.200\Extensions\Microsoft.VisualStudio.TestPlatform.Extensions.Html.TestLogger.dll
C:\Program Files\dotnet\sdk\8.0.200\Extensions\Microsoft.VisualStudio.TestPlatform.Extensions.Trx.TestLogger.dll
TpTrace Verbose: 0 : 14188, 1, 2024/05/16, 22:18:58.734, 5522411611505, vstest.console.dll, TestPluginCache.GetExtensionPaths: Added unfilterableExtensionPaths: 
TpTrace Verbose: 0 : 14188, 1, 2024/05/16, 22:18:58.734, 5522411611854, vstest.console.dll, TestPluginCache.DiscoverTestExtensions: Discovering the extensions using allExtensionPaths: C:\Program Files\dotnet\sdk\8.0.200\Extensions\Microsoft.Diagnostics.NETCore.Client.dll
C:\Program Files\dotnet\sdk\8.0.200\Extensions\Microsoft.TestPlatform.Extensions.BlameDataCollector.dll
C:\Program Files\dotnet\sdk\8.0.200\Extensions\Microsoft.TestPlatform.Extensions.EventLogCollector.dll
C:\Program Files\dotnet\sdk\8.0.200\Extensions\Microsoft.TestPlatform.TestHostRuntimeProvider.dll
C:\Program Files\dotnet\sdk\8.0.200\Extensions\Microsoft.VisualStudio.TestPlatform.Extensions.Html.TestLogger.dll
C:\Program Files\dotnet\sdk\8.0.200\Extensions\Microsoft.VisualStudio.TestPlatform.Extensions.Trx.TestLogger.dll
TpTrace Information: 0 : 14188, 1, 2024/05/16, 22:18:58.734, 5522411612330, vstest.console.dll, AssemblyResolver.AddSearchDirectories: Adding more searchDirectories C:\Program Files\dotnet\sdk\8.0.200\Extensions,C:\Program Files\dotnet\sdk\8.0.200
TpTrace Information: 0 : 14188, 1, 2024/05/16, 22:18:58.734, 5522411612744, vstest.console.dll, AssemblyResolver.AddSearchDirectories: Adding more searchDirectories C:\Program Files\dotnet\sdk\8.0.200\Extensions,C:\Program Files\dotnet\sdk\8.0.200
TpTrace Information: 0 : 14188, 1, 2024/05/16, 22:18:58.734, 5522411613080, vstest.console.dll, AssemblyResolver.AddSearchDirectories: Adding more searchDirectories C:\Program Files\dotnet\sdk\8.0.200\Extensions,C:\Program Files\dotnet\sdk\8.0.200
TpTrace Information: 0 : 14188, 1, 2024/05/16, 22:18:58.734, 5522411613396, vstest.console.dll, AssemblyResolver.AddSearchDirectories: Adding more searchDirectories C:\Program Files\dotnet\sdk\8.0.200\Extensions,C:\Program Files\dotnet\sdk\8.0.200
TpTrace Information: 0 : 14188, 1, 2024/05/16, 22:18:58.734, 5522411613708, vstest.console.dll, AssemblyResolver.AddSearchDirectories: Adding more searchDirectories C:\Program Files\dotnet\sdk\8.0.200\Extensions,C:\Program Files\dotnet\sdk\8.0.200
TpTrace Information: 0 : 14188, 1, 2024/05/16, 22:18:58.734, 5522411614071, vstest.console.dll, AssemblyResolver.AddSearchDirectories: Adding more searchDirectories C:\Program Files\dotnet\sdk\8.0.200\Extensions,C:\Program Files\dotnet\sdk\8.0.200
TpTrace Verbose: 0 : 14188, 1, 2024/05/16, 22:18:58.734, 5522411615121, vstest.console.dll, MetadataReaderExtensionsHelper: Discovering extensions inside assembly 'Microsoft.Diagnostics.NETCore.Client, Version=0.2.9.2401, Culture=neutral, PublicKeyToken=31bf3856ad364e35' file path 'C:\Program Files\dotnet\sdk\8.0.200\Extensions\Microsoft.Diagnostics.NETCore.Client.dll'
TpTrace Information: 0 : 14188, 1, 2024/05/16, 22:18:58.735, 5522411621524, vstest.console.dll, AssemblyResolver.OnResolve: Microsoft.Bcl.AsyncInterfaces: Resolving assembly.
TpTrace Information: 0 : 14188, 1, 2024/05/16, 22:18:58.735, 5522411622015, vstest.console.dll, AssemblyResolver.OnResolve: Microsoft.Bcl.AsyncInterfaces: Resolved from cache.
TpTrace Verbose: 0 : 14188, 1, 2024/05/16, 22:18:58.735, 5522411622388, vstest.console.dll, CurrentDomainAssemblyResolve: Resolving assembly 'Microsoft.Bcl.AsyncInterfaces'.
TpTrace Information: 0 : 14188, 1, 2024/05/16, 22:18:58.735, 5522411622861, vstest.console.dll, AssemblyResolver.OnResolve: Microsoft.Bcl.AsyncInterfaces: Resolving assembly.
TpTrace Information: 0 : 14188, 1, 2024/05/16, 22:18:58.735, 5522411623174, vstest.console.dll, AssemblyResolver.OnResolve: Microsoft.Bcl.AsyncInterfaces: Resolved from cache.
TpTrace Verbose: 0 : 14188, 1, 2024/05/16, 22:18:58.735, 5522411623459, vstest.console.dll, CurrentDomainAssemblyResolve: Resolving assembly 'Microsoft.Bcl.AsyncInterfaces'.
TpTrace Verbose: 0 : 14188, 1, 2024/05/16, 22:18:58.735, 5522411623736, vstest.console.dll, CurrentDomainAssemblyResolve: Failed to resolve assembly 'Microsoft.Bcl.AsyncInterfaces'.
TpTrace Verbose: 0 : 14188, 1, 2024/05/16, 22:18:58.735, 5522411625177, vstest.console.dll, CurrentDomainAssemblyResolve: Failed to resolve assembly 'Microsoft.Bcl.AsyncInterfaces'.
TpTrace Warning: 0 : 14188, 1, 2024/05/16, 22:18:58.736, 5522411628297, vstest.console.dll, TestPluginDiscoverer: Failed to get types from assembly 'Microsoft.Diagnostics.NETCore.Client, Version=0.2.9.2401, Culture=neutral, PublicKeyToken=31bf3856ad364e35'. Error: System.Reflection.ReflectionTypeLoadException: Unable to load one or more of the requested types.
Could not load file or assembly 'Microsoft.Bcl.AsyncInterfaces, Version=6.0.0.0, Culture=neutral, PublicKeyToken=cc7b13ffcd2ddd51'. The system cannot find the file specified.
   at System.Reflection.RuntimeModule.GetTypes(RuntimeModule module)
   at System.Reflection.RuntimeModule.GetTypes()
   at Microsoft.VisualStudio.TestPlatform.Common.ExtensionFramework.TestPluginDiscoverer.GetTestExtensionsFromAssembly[TPluginInfo,TExtension](Assembly assembly, Dictionary`2 pluginInfos, String filePath) in /_/src/Microsoft.TestPlatform.Common/ExtensionFramework/TestPluginDiscoverer.cs:line 158
System.IO.FileNotFoundException: Could not load file or assembly 'Microsoft.Bcl.AsyncInterfaces, Version=6.0.0.0, Culture=neutral, PublicKeyToken=cc7b13ffcd2ddd51'. The system cannot find the file specified.
File name: 'Microsoft.Bcl.AsyncInterfaces, Version=6.0.0.0, Culture=neutral, PublicKeyToken=cc7b13ffcd2ddd51'
 ---> System.IO.FileNotFoundException: Could not load file or assembly 'Microsoft.Bcl.AsyncInterfaces, Culture=neutral, PublicKeyToken=null'. The system cannot find the file specified.
File name: 'Microsoft.Bcl.AsyncInterfaces, Culture=neutral, PublicKeyToken=null'
   at System.Reflection.RuntimeAssembly.InternalLoad(AssemblyName assemblyName, StackCrawlMark& stackMark, AssemblyLoadContext assemblyLoadContext, RuntimeAssembly requestingAssembly, Boolean throwOnFileNotFound)
   at System.Reflection.Assembly.Load(AssemblyName assemblyRef)
   at Microsoft.VisualStudio.TestPlatform.Common.ExtensionFramework.TestPluginCache.CurrentDomainAssemblyResolve(Object sender, AssemblyResolveEventArgs args) in /_/src/Microsoft.TestPlatform.Common/ExtensionFramework/TestPluginCache.cs:line 513
   at System.Runtime.Loader.AssemblyLoadContext.GetFirstResolvedAssemblyFromResolvingEvent(AssemblyName assemblyName)
   at System.Runtime.Loader.AssemblyLoadContext.ResolveUsingEvent(AssemblyName assemblyName)
   at System.Runtime.Loader.AssemblyLoadContext.ResolveUsingResolvingEvent(IntPtr gchManagedAssemblyLoadContext, AssemblyName assemblyName)
TpTrace Warning: 0 : 14188, 1, 2024/05/16, 22:18:58.736, 5522411629820, vstest.console.dll, LoaderExceptions: System.IO.FileNotFoundException: Could not load file or assembly 'Microsoft.Bcl.AsyncInterfaces, Version=6.0.0.0, Culture=neutral, PublicKeyToken=cc7b13ffcd2ddd51'. The system cannot find the file specified.
File name: 'Microsoft.Bcl.AsyncInterfaces, Version=6.0.0.0, Culture=neutral, PublicKeyToken=cc7b13ffcd2ddd51'
 ---> System.IO.FileNotFoundException: Could not load file or assembly 'Microsoft.Bcl.AsyncInterfaces, Culture=neutral, PublicKeyToken=null'. The system cannot find the file specified.
File name: 'Microsoft.Bcl.AsyncInterfaces, Culture=neutral, PublicKeyToken=null'
   at System.Reflection.RuntimeAssembly.InternalLoad(AssemblyName assemblyName, StackCrawlMark& stackMark, AssemblyLoadContext assemblyLoadContext, RuntimeAssembly requestingAssembly, Boolean throwOnFileNotFound)
   at System.Reflection.Assembly.Load(AssemblyName assemblyRef)
   at Microsoft.VisualStudio.TestPlatform.Common.ExtensionFramework.TestPluginCache.CurrentDomainAssemblyResolve(Object sender, AssemblyResolveEventArgs args) in /_/src/Microsoft.TestPlatform.Common/ExtensionFramework/TestPluginCache.cs:line 513
   at System.Runtime.Loader.AssemblyLoadContext.GetFirstResolvedAssemblyFromResolvingEvent(AssemblyName assemblyName)
   at System.Runtime.Loader.AssemblyLoadContext.ResolveUsingEvent(AssemblyName assemblyName)
   at System.Runtime.Loader.AssemblyLoadContext.ResolveUsingResolvingEvent(IntPtr gchManagedAssemblyLoadContext, AssemblyName assemblyName)
TpTrace Verbose: 0 : 14188, 1, 2024/05/16, 22:18:58.736, 5522411630579, vstest.console.dll, MetadataReaderExtensionsHelper: Discovering extensions inside assembly 'Microsoft.TestPlatform.Extensions.BlameDataCollector, Version=15.0.0.0, Culture=neutral, PublicKeyToken=b03f5f7f11d50a3a' file path 'C:\Program Files\dotnet\sdk\8.0.200\Extensions\Microsoft.TestPlatform.Extensions.BlameDataCollector.dll'
TpTrace Information: 0 : 14188, 1, 2024/05/16, 22:18:58.736, 5522411634240, vstest.console.dll, GetTestExtensionFromType: Register extension with identifier data 'logger://Microsoft/TestPlatform/Extensions/Blame/v1' and type 'Microsoft.TestPlatform.Extensions.BlameDataCollector.BlameLogger, Microsoft.TestPlatform.Extensions.BlameDataCollector, Version=15.0.0.0, Culture=neutral, PublicKeyToken=b03f5f7f11d50a3a' inside file 'C:\Program Files\dotnet\sdk\8.0.200\Extensions\Microsoft.TestPlatform.Extensions.BlameDataCollector.dll'
TpTrace Verbose: 0 : 14188, 1, 2024/05/16, 22:18:58.736, 5522411634899, vstest.console.dll, MetadataReaderExtensionsHelper: Discovering extensions inside assembly 'Microsoft.TestPlatform.Extensions.EventLogCollector, Version=15.0.0.0, Culture=neutral, PublicKeyToken=b03f5f7f11d50a3a' file path 'C:\Program Files\dotnet\sdk\8.0.200\Extensions\Microsoft.TestPlatform.Extensions.EventLogCollector.dll'
TpTrace Verbose: 0 : 14188, 1, 2024/05/16, 22:18:58.737, 5522411637671, vstest.console.dll, MetadataReaderExtensionsHelper: Discovering extensions inside assembly 'Microsoft.TestPlatform.TestHostRuntimeProvider, Version=15.0.0.0, Culture=neutral, PublicKeyToken=b03f5f7f11d50a3a' file path 'C:\Program Files\dotnet\sdk\8.0.200\Extensions\Microsoft.TestPlatform.TestHostRuntimeProvider.dll'
TpTrace Verbose: 0 : 14188, 1, 2024/05/16, 22:18:58.737, 5522411640211, vstest.console.dll, MetadataReaderExtensionsHelper: Discovering extensions inside assembly 'Microsoft.VisualStudio.TestPlatform.Extensions.Html.TestLogger, Version=15.0.0.0, Culture=neutral, PublicKeyToken=b03f5f7f11d50a3a' file path 'C:\Program Files\dotnet\sdk\8.0.200\Extensions\Microsoft.VisualStudio.TestPlatform.Extensions.Html.TestLogger.dll'
TpTrace Information: 0 : 14188, 1, 2024/05/16, 22:18:58.737, 5522411644402, vstest.console.dll, GetTestExtensionFromType: Register extension with identifier data 'logger://Microsoft/TestPlatform/HtmlLogger/v1' and type 'Microsoft.VisualStudio.TestPlatform.Extensions.HtmlLogger.HtmlLogger, Microsoft.VisualStudio.TestPlatform.Extensions.Html.TestLogger, Version=15.0.0.0, Culture=neutral, PublicKeyToken=b03f5f7f11d50a3a' inside file 'C:\Program Files\dotnet\sdk\8.0.200\Extensions\Microsoft.VisualStudio.TestPlatform.Extensions.Html.TestLogger.dll'
TpTrace Verbose: 0 : 14188, 1, 2024/05/16, 22:18:58.737, 5522411645004, vstest.console.dll, MetadataReaderExtensionsHelper: Discovering extensions inside assembly 'Microsoft.VisualStudio.TestPlatform.Extensions.Trx.TestLogger, Version=15.0.0.0, Culture=neutral, PublicKeyToken=b03f5f7f11d50a3a' file path 'C:\Program Files\dotnet\sdk\8.0.200\Extensions\Microsoft.VisualStudio.TestPlatform.Extensions.Trx.TestLogger.dll'
TpTrace Information: 0 : 14188, 1, 2024/05/16, 22:18:58.738, 5522411647961, vstest.console.dll, GetTestExtensionFromType: Register extension with identifier data 'logger://Microsoft/TestPlatform/TrxLogger/v1' and type 'Microsoft.VisualStudio.TestPlatform.Extensions.TrxLogger.TrxLogger, Microsoft.VisualStudio.TestPlatform.Extensions.Trx.TestLogger, Version=15.0.0.0, Culture=neutral, PublicKeyToken=b03f5f7f11d50a3a' inside file 'C:\Program Files\dotnet\sdk\8.0.200\Extensions\Microsoft.VisualStudio.TestPlatform.Extensions.Trx.TestLogger.dll'
TpTrace Verbose: 0 : 14188, 1, 2024/05/16, 22:18:58.738, 5522411648596, vstest.console.dll, TestPluginCache: Discovered the extensions using extension path ''.
TpTrace Verbose: 0 : 14188, 1, 2024/05/16, 22:18:58.738, 5522411648918, vstest.console.dll, TestPluginCache: Discoverers are ''.
TpTrace Verbose: 0 : 14188, 1, 2024/05/16, 22:18:58.738, 5522411649192, vstest.console.dll, TestPluginCache: Executors are ''.
TpTrace Verbose: 0 : 14188, 1, 2024/05/16, 22:18:58.738, 5522411649455, vstest.console.dll, TestPluginCache: Executors2 are ''.
TpTrace Verbose: 0 : 14188, 1, 2024/05/16, 22:18:58.738, 5522411649716, vstest.console.dll, TestPluginCache: Setting providers are ''.
TpTrace Verbose: 0 : 14188, 1, 2024/05/16, 22:18:58.738, 5522411650506, vstest.console.dll, TestPluginCache: Loggers are 'logger://Microsoft/TestPlatform/Extensions/Blame/v1,logger://Microsoft/TestPlatform/HtmlLogger/v1,logger://Microsoft/TestPlatform/TrxLogger/v1'.
TpTrace Verbose: 0 : 14188, 1, 2024/05/16, 22:18:58.738, 5522411651064, vstest.console.dll, TestPluginCache: TestHosts are 'HostProvider://DefaultTestHost,HostProvider://DotnetTestHost'.
TpTrace Verbose: 0 : 14188, 1, 2024/05/16, 22:18:58.738, 5522411651376, vstest.console.dll, TestPluginCache: DataCollectors are ''.
TpTrace Information: 0 : 14188, 1, 2024/05/16, 22:18:58.739, 5522411658919, vstest.console.dll, TestPluginManager.CreateTestExtension: Attempting to load test extension: Microsoft.TestPlatform.Extensions.BlameDataCollector.BlameLogger
TpTrace Verbose: 0 : 14188, 1, 2024/05/16, 22:18:58.745, 5522411722169, vstest.console.dll, TestEngine: Initializing Parallel Execution as MaxCpuCount is set to: 1
TpTrace Information: 0 : 14188, 1, 2024/05/16, 22:18:58.747, 5522411740298, vstest.console.dll, TestPluginManager.CreateTestExtension: Attempting to load test extension: Microsoft.VisualStudio.TestPlatform.CrossPlatEngine.Hosting.DefaultTestHostManager
TpTrace Information: 0 : 14188, 1, 2024/05/16, 22:18:58.748, 5522411753036, vstest.console.dll, TestPluginManager.CreateTestExtension: Attempting to load test extension: Microsoft.VisualStudio.TestPlatform.CrossPlatEngine.Hosting.DotnetTestHostManager
TpTrace Information: 0 : 14188, 1, 2024/05/16, 22:18:58.749, 5522411761097, vstest.console.dll, InferRunSettingsHelper.IsTestSettingsEnabled: Unable to navigate to RunSettings/MSTest. Current node: RunSettings
TpTrace Verbose: 0 : 14188, 1, 2024/05/16, 22:18:58.750, 5522411771874, vstest.console.dll, ParallelOperationManager.ClearSlots: Clearing all slots. Slots should accept more work: True
TpTrace Verbose: 0 : 14188, 1, 2024/05/16, 22:18:58.751, 5522411784284, vstest.console.dll, ParallelOperationManager.SetOccupiedSlotCount: Setting slot counts AvailableSlotCount = 3, OccupiedSlotCount = 0.
TpTrace Verbose: 0 : 14188, 1, 2024/05/16, 22:18:58.752, 5522411789228, vstest.console.dll, Occupied slots:

TpTrace Verbose: 0 : 14188, 1, 2024/05/16, 22:18:58.755, 5522411821805, vstest.console.dll, TestEngine.GetExecutionManager: Chosen execution manager 'Microsoft.VisualStudio.TestPlatform.CrossPlatEngine.Client.Parallel.ParallelProxyExecutionManager, Microsoft.TestPlatform.CrossPlatEngine, Version=15.0.0.0, Culture=neutral, PublicKeyToken=b03f5f7f11d50a3a' ParallelLevel '1'.
TpTrace Verbose: 0 : 14188, 1, 2024/05/16, 22:18:58.755, 5522411823139, vstest.console.dll, TestRunRequest.ExecuteAsync: Creating test run request.
TpTrace Verbose: 0 : 14188, 1, 2024/05/16, 22:18:58.755, 5522411825131, vstest.console.dll, TestRunRequest.ExecuteAsync: Starting.
TpTrace Information: 0 : 14188, 1, 2024/05/16, 22:18:58.757, 5522411838331, vstest.console.dll, TestRunRequest.ExecuteAsync: Starting run with settings:TestRunCriteria:
   KeepAlive=False,FrequencyOfRunStatsChangeEvent=10,RunStatsChangeEventTimeout=00:00:01.5000000,TestCaseFilter=,TestExecutorLauncher=
   Settingsxml=<RunSettings>
  <RunConfiguration>
    <ResultsDirectory>C:\Users\Admin\source\repos\ASPNETAssignment1\BusinessTest\bin\Debug\net8.0\fine-code-coverage\coverage-tool-output</ResultsDirectory>
    <TargetPlatform>X64</TargetPlatform>
    <TargetFrameworkVersion>.NETCoreApp,Version=v8.0</TargetFrameworkVersion>
    <DesignMode>False</DesignMode>
    <CollectSourceInformation>False</CollectSourceInformation>
  </RunConfiguration>
  <LoggerRunSettings>
    <Loggers>
      <Logger friendlyName="blame" enabled="True" />
      <Logger friendlyName="Console" uri="logger://microsoft/TestPlatform/ConsoleLogger/v1" assemblyQualifiedName="Microsoft.VisualStudio.TestPlatform.CommandLine.Internal.ConsoleLogger, vstest.console, Version=15.0.0.0, Culture=neutral, PublicKeyToken=b03f5f7f11d50a3a" codeBase="C:\Program Files\dotnet\sdk\8.0.200\vstest.console.dll" enabled="True" />
    </Loggers>
  </LoggerRunSettings>
  <DataCollectionRunSettings>
    <DataCollectors>
      <DataCollector friendlyName="blame" enabled="True">
        <Configuration>
          <ResultsDirectory>C:\Users\Admin\source\repos\ASPNETAssignment1\BusinessTest\bin\Debug\net8.0\fine-code-coverage\coverage-tool-output</ResultsDirectory>
        </Configuration>
      </DataCollector>
    </DataCollectors>
  </DataCollectionRunSettings>
</RunSettings>

TpTrace Verbose: 0 : 14188, 1, 2024/05/16, 22:18:58.757, 5522411838942, vstest.console.dll, TestRunRequest.ExecuteAsync: Wait for the first run request is over.
TpTrace Verbose: 0 : 14188, 1, 2024/05/16, 22:18:58.757, 5522411841592, vstest.console.dll, MulticastDelegateUtilities.SafeInvoke: TestRun.TestRunStart: Invoking callbacks was skipped because there are no subscribers.
TpTrace Verbose: 0 : 14188, 4, 2024/05/16, 22:18:58.757, 5522411843393, vstest.console.dll, MulticastDelegateUtilities.SafeInvoke: InternalTestLoggerEvents.SendTestRunStart: Invoking callback 1/1 for Microsoft.VisualStudio.TestPlatform.CommandLine.Internal.ConsoleLogger., took 0 ms.
TpTrace Verbose: 0 : 14188, 1, 2024/05/16, 22:18:58.758, 5522411852583, vstest.console.dll, ParallelProxyExecutionManager: Start execution. Total sources: 1
TpTrace Verbose: 0 : 14188, 1, 2024/05/16, 22:18:58.758, 5522411856151, vstest.console.dll, ParallelOperationManager.StartWork: Starting adding 1 workloads.
TpTrace Verbose: 0 : 14188, 1, 2024/05/16, 22:18:58.758, 5522411856822, vstest.console.dll, ParallelOperationManager.ClearSlots: Clearing all slots. Slots should accept more work: True
TpTrace Verbose: 0 : 14188, 1, 2024/05/16, 22:18:58.759, 5522411857483, vstest.console.dll, ParallelOperationManager.SetOccupiedSlotCount: Setting slot counts AvailableSlotCount = 3, OccupiedSlotCount = 0.
TpTrace Verbose: 0 : 14188, 1, 2024/05/16, 22:18:58.759, 5522411857871, vstest.console.dll, Occupied slots:

TpTrace Verbose: 0 : 14188, 1, 2024/05/16, 22:18:58.760, 5522411870515, vstest.console.dll, TestRequestSender is acting as server.
TpTrace Verbose: 0 : 14188, 1, 2024/05/16, 22:18:58.761, 5522411881052, vstest.console.dll, ParallelOperationManager.RunWorkInParallel: Adding 1 workload to slot, remaining workloads 0.
TpTrace Verbose: 0 : 14188, 1, 2024/05/16, 22:18:58.761, 5522411881662, vstest.console.dll, ParallelOperationManager.SetOccupiedSlotCount: Setting slot counts AvailableSlotCount = 2, OccupiedSlotCount = 1.
TpTrace Verbose: 0 : 14188, 1, 2024/05/16, 22:18:58.761, 5522411882649, vstest.console.dll, Occupied slots:
0: C:\Users\Admin\source\repos\ASPNETAssignment1\BusinessTest\bin\Debug\net8.0\fine-code-coverage\build-output\ASPNETAssignment1.Tests.dll
TpTrace Verbose: 0 : 14188, 1, 2024/05/16, 22:18:58.762, 5522411894457, vstest.console.dll, ParallelOperationManager.RunWorkInParallel: Started host in slot number 0 for work (source): C:\Users\Admin\source\repos\ASPNETAssignment1\BusinessTest\bin\Debug\net8.0\fine-code-coverage\build-output\ASPNETAssignment1.Tests.dll.
TpTrace Verbose: 0 : 14188, 1, 2024/05/16, 22:18:58.763, 5522411903184, vstest.console.dll, ParallelOperationManager.RunWorkInParallel: We started 1 work items, which is the max parallel level. Won't start more work.
TpTrace Verbose: 0 : 14188, 1, 2024/05/16, 22:18:58.763, 5522411903829, vstest.console.dll, ParallelOperationManager.RunWorkInParallel: We started 1 work items in here, returning True.
TpTrace Verbose: 0 : 14188, 5, 2024/05/16, 22:18:58.763, 5522411904195, vstest.console.dll, ParallelProxyExecutionManager.StartTestRunOnConcurrentManager: Initializing uninitialized client. Started clients: 0
TpTrace Information: 0 : 14188, 1, 2024/05/16, 22:18:58.763, 5522411904356, vstest.console.dll, TestRunRequest.ExecuteAsync: Started.
TpTrace Verbose: 0 : 14188, 5, 2024/05/16, 22:18:58.763, 5522411905663, vstest.console.dll, DataCollectionRequestSender.InitializeCommunication : Initialize communication. 
TpTrace Verbose: 0 : 14188, 1, 2024/05/16, 22:18:58.764, 5522411911368, vstest.console.dll, TestRunRequest.WaitForCompletion: Waiting with timeout -1.
TpTrace Information: 0 : 14188, 5, 2024/05/16, 22:18:58.770, 5522411976161, vstest.console.dll, Listening on Endpoint : 127.0.0.1:49279
TpTrace Verbose: 0 : 14188, 5, 2024/05/16, 22:18:58.776, 5522412029503, vstest.console.dll, DotnetDataCollectionLauncher: Adding  --runtimeconfig "C:\Program Files\dotnet\sdk\8.0.200\datacollector.runtimeconfig.json" in args
TpTrace Verbose: 0 : 14188, 5, 2024/05/16, 22:18:58.776, 5522412030630, vstest.console.dll, DotnetDataCollectionLauncher: Adding  --depsfile "C:\Program Files\dotnet\sdk\8.0.200\datacollector.deps.json" in args
TpTrace Verbose: 0 : 14188, 5, 2024/05/16, 22:18:58.776, 5522412033454, vstest.console.dll, DotnetDataCollectionLauncher: Full path of dotnet.exe is C:\Program Files\dotnet\dotnet.exe
TpTrace Information: 0 : 14188, 5, 2024/05/16, 22:18:58.782, 5522412089102, vstest.console.dll, ProxyDataCollectionManager.Initialize: Launched datacollector processId: 8648 port: 49279
TpTrace Information: 0 : 14188, 5, 2024/05/16, 22:18:58.782, 5522412090517, vstest.console.dll, ProxyDataCollectionManager.Initialize: waiting for connection with timeout: 90 seconds
TpTrace Verbose: 0 : 14188, 5, 2024/05/16, 22:18:58.782, 5522412091088, vstest.console.dll, DataCollectionRequestSender.WaitForRequestHandlerConnection : Waiting for connection with timeout: 90000
TpTrace Information: 0 : 14188, 11, 2024/05/16, 22:18:58.928, 5522413553568, vstest.console.dll, Using the buffer size of 16384 bytes
TpTrace Verbose: 0 : 14188, 5, 2024/05/16, 22:18:58.928, 5522413553573, vstest.console.dll, SocketCommunicationManager.WaitForClientConnection took: 146 ms, with 90000 ms timeout, and finished with True.
TpTrace Information: 0 : 14188, 11, 2024/05/16, 22:18:58.928, 5522413554726, vstest.console.dll, Accepted Client request and set the flag
TpTrace Verbose: 0 : 14188, 5, 2024/05/16, 22:18:58.928, 5522413556028, vstest.console.dll, ProxyDataCollectionManager.InvokeDataCollectionServiceAction: Starting.
TpTrace Information: 0 : 14188, 5, 2024/05/16, 22:18:58.929, 5522413557311, vstest.console.dll, ProxyDataCollectionManager.BeforeTestRunStart: Get environment variable and port for datacollector processId: 8648 port: 49279
TpTrace Verbose: 0 : 14188, 5, 2024/05/16, 22:18:58.929, 5522413558562, vstest.console.dll, DataCollectionRequestSender.SendBeforeTestRunStartAndGetResult: Send BeforeTestRunStart message with settingsXml <RunSettings><RunConfiguration><ResultsDirectory>C:\Users\Admin\source\repos\ASPNETAssignment1\BusinessTest\bin\Debug\net8.0\fine-code-coverage\coverage-tool-output</ResultsDirectory><TargetPlatform>X64</TargetPlatform><TargetFrameworkVersion>.NETCoreApp,Version=v8.0</TargetFrameworkVersion><DesignMode>False</DesignMode><CollectSourceInformation>False</CollectSourceInformation><TestAdaptersPaths>C:\Program Files\dotnet\sdk\8.0.200\Extensions</TestAdaptersPaths></RunConfiguration><LoggerRunSettings><Loggers><Logger friendlyName="blame" enabled="True" /><Logger friendlyName="Console" uri="logger://microsoft/TestPlatform/ConsoleLogger/v1" assemblyQualifiedName="Microsoft.VisualStudio.TestPlatform.CommandLine.Internal.ConsoleLogger, vstest.console, Version=15.0.0.0, Culture=neutral, PublicKeyToken=b03f5f7f11d50a3a" codeBase="C:\Program Files\dotnet\sdk\8.0.200\vstest.console.dll" enabled="True" /></Loggers></LoggerRunSettings><DataCollectionRunSettings><DataCollectors><DataCollector friendlyName="blame" enabled="True"><Configuration><ResultsDirectory>C:\Users\Admin\source\repos\ASPNETAssignment1\BusinessTest\bin\Debug\net8.0\fine-code-coverage\coverage-tool-output</ResultsDirectory></Configuration></DataCollector></DataCollectors></DataCollectionRunSettings></RunSettings> and sources System.Collections.Generic.List`1[System.String]: 
TpTrace Verbose: 0 : 14188, 5, 2024/05/16, 22:18:58.989, 5522414162244, vstest.console.dll, DataCollectionRequestSender.SendBeforeTestRunStartAndGetResult: Received message: (DataCollection.SendMessage) -> {"MessageType":"DataCollection.SendMessage","Payload":{"FriendlyName":null,"Uri":null,"TestCaseId":"00000000-0000-0000-0000-000000000000","Message":"Logging DataCollector Diagnostics in file: C:\\Users\\Admin\\source\\repos\\ASPNETAssignment1\\BusinessTest\\bin\\Debug\\net8.0\\fine-code-coverage\\coverage-tool-output\\diagnostics.datacollector.24-05-16_22-18-58_77603_5.log","Level":0}}
TpTrace Verbose: 0 : 14188, 5, 2024/05/16, 22:18:59.076, 5522415030129, vstest.console.dll, DataCollectionRequestSender.SendBeforeTestRunStartAndGetResult: Received message: (DataCollection.BeforeTestRunStartResult) -> {"MessageType":"DataCollection.BeforeTestRunStartResult","Payload":{"EnvironmentVariables":{},"DataCollectionEventsPort":49281}}
TpTrace Information: 0 : 14188, 5, 2024/05/16, 22:18:59.080, 5522415069802, vstest.console.dll, ProxyDataCollectionManager.BeforeTestRunStart: SendBeforeTestRunStartAndGetResult successful, env variable from datacollector:   and testhost port: 49281
TpTrace Information: 0 : 14188, 5, 2024/05/16, 22:18:59.080, 5522415070641, vstest.console.dll, ProxyDataCollectionManager.InvokeDataCollectionServiceAction: Completed.
TpTrace Verbose: 0 : 14188, 5, 2024/05/16, 22:18:59.080, 5522415071034, vstest.console.dll, ParallelProxyExecutionManager.StartTestRunOnConcurrentManager: Initializing test run. Started clients: 0
TpTrace Verbose: 0 : 14188, 5, 2024/05/16, 22:18:59.080, 5522415071801, vstest.console.dll, ProxyExecutionManager: Test host is always Lazy initialize.
TpTrace Verbose: 0 : 14188, 5, 2024/05/16, 22:18:59.080, 5522415073577, vstest.console.dll, TestRequestSender.InitializeCommunication: initialize communication. 
TpTrace Information: 0 : 14188, 5, 2024/05/16, 22:18:59.081, 5522415077831, vstest.console.dll, SocketServer.Start: Listening on endpoint : 127.0.0.1:49282
TpTrace Verbose: 0 : 14188, 5, 2024/05/16, 22:18:59.081, 5522415084379, vstest.console.dll, DotnetTestHostmanager.GetTestHostProcessStartInfo: Platform environment 'X64' target architecture 'X64' framework '.NETCoreApp,Version=v8.0' OS 'Windows'
TpTrace Verbose: 0 : 14188, 5, 2024/05/16, 22:18:59.081, 5522415086311, vstest.console.dll, DotnetTestHostmanager: Adding  --runtimeconfig "C:\Users\Admin\source\repos\ASPNETAssignment1\BusinessTest\bin\Debug\net8.0\fine-code-coverage\build-output\ASPNETAssignment1.Tests.runtimeconfig.json" in args
TpTrace Verbose: 0 : 14188, 5, 2024/05/16, 22:18:59.082, 5522415087172, vstest.console.dll, DotnetTestHostmanager: Adding  --depsfile "C:\Users\Admin\source\repos\ASPNETAssignment1\BusinessTest\bin\Debug\net8.0\fine-code-coverage\build-output\ASPNETAssignment1.Tests.deps.json" in args
TpTrace Verbose: 0 : 14188, 5, 2024/05/16, 22:18:59.082, 5522415089662, vstest.console.dll, DotnetTestHostmanager.IsWinOnArm: Current PROCESSOR_ARCHITECTURE from environment variable 'AMD64'
TpTrace Verbose: 0 : 14188, 5, 2024/05/16, 22:18:59.082, 5522415090238, vstest.console.dll, DotnetTestHostmanager.IsWinOnArm: Is Windows on ARM 'False'
TpTrace Verbose: 0 : 14188, 5, 2024/05/16, 22:18:59.082, 5522415091035, vstest.console.dll, DotnetTestHostManager: testhost.exe found at path: C:\Users\Admin\source\repos\ASPNETAssignment1\BusinessTest\bin\Debug\net8.0\fine-code-coverage\build-output\testhost.exe
TpTrace Verbose: 0 : 14188, 5, 2024/05/16, 22:18:59.082, 5522415091456, vstest.console.dll, DotnetTestHostmanager: Full path of host exe is C:\Users\Admin\source\repos\ASPNETAssignment1\BusinessTest\bin\Debug\net8.0\fine-code-coverage\build-output\testhost.exe
TpTrace Verbose: 0 : 14188, 5, 2024/05/16, 22:18:59.082, 5522415092623, vstest.console.dll, DotnetTestHostmanager.LaunchTestHostAsync: Found 'VSTEST_WINAPPHOST_DOTNET_ROOT' in env variables, value 'C:\Program Files\dotnet', forwarding to 'DOTNET_ROOT'
TpTrace Verbose: 0 : 14188, 5, 2024/05/16, 22:18:59.082, 5522415093840, vstest.console.dll, DotnetTestHostManager: Starting process 'C:\Users\Admin\source\repos\ASPNETAssignment1\BusinessTest\bin\Debug\net8.0\fine-code-coverage\build-output\testhost.exe' with command line ' --runtimeconfig "C:\Users\Admin\source\repos\ASPNETAssignment1\BusinessTest\bin\Debug\net8.0\fine-code-coverage\build-output\ASPNETAssignment1.Tests.runtimeconfig.json" --depsfile "C:\Users\Admin\source\repos\ASPNETAssignment1\BusinessTest\bin\Debug\net8.0\fine-code-coverage\build-output\ASPNETAssignment1.Tests.deps.json" --port 49282 --endpoint 127.0.0.1:049282 --role client --parentprocessid 14188 --diag "C:\Users\Admin\source\repos\ASPNETAssignment1\BusinessTest\bin\Debug\net8.0\fine-code-coverage\coverage-tool-output\diagnostics.host.24-05-16_22-18-59_08142_5.log" --tracelevel 4 --datacollectionport 49281 --telemetryoptedin false'
TpTrace Verbose: 0 : 14188, 5, 2024/05/16, 22:18:59.087, 5522415142240, vstest.console.dll, MulticastDelegateUtilities.SafeInvoke: HostProviderEvents.OnHostLaunched: Invoking callback 1/2 for Microsoft.VisualStudio.TestPlatform.CrossPlatEngine.Client.ProxyExecutionManagerWithDataCollection., took 0 ms.
TpTrace Verbose: 0 : 14188, 5, 2024/05/16, 22:18:59.087, 5522415145344, vstest.console.dll, Test Runtime launched
TpTrace Verbose: 0 : 14188, 5, 2024/05/16, 22:18:59.087, 5522415146095, vstest.console.dll, MulticastDelegateUtilities.SafeInvoke: HostProviderEvents.OnHostLaunched: Invoking callback 2/2 for Microsoft.VisualStudio.TestPlatform.CrossPlatEngine.Client.ProxyOperationManager., took 0 ms.
TpTrace Verbose: 0 : 14188, 5, 2024/05/16, 22:18:59.088, 5522415147502, vstest.console.dll, TestRequestSender.WaitForRequestHandlerConnection: waiting for connection with timeout: 90000.
TpTrace Verbose: 0 : 14188, 7, 2024/05/16, 22:18:59.280, 5522417072474, vstest.console.dll, MulticastDelegateUtilities.SafeInvoke: SocketServer: ClientConnected: Invoking callback 1/1 for Microsoft.VisualStudio.TestPlatform.CommunicationUtilities.TestRequestSender., took 0 ms.
TpTrace Verbose: 0 : 14188, 5, 2024/05/16, 22:18:59.280, 5522417072474, vstest.console.dll, TestRequestSender.WaitForRequestHandlerConnection: waiting took 192 ms, with timeout 90000 ms, and result 0, which is success.
TpTrace Verbose: 0 : 14188, 7, 2024/05/16, 22:18:59.280, 5522417073672, vstest.console.dll, SocketServer.OnClientConnected: Client connected for endPoint: 127.0.0.1:49282, starting MessageLoopAsync:
TpTrace Verbose: 0 : 14188, 7, 2024/05/16, 22:18:59.281, 5522417080185, vstest.console.dll, TcpClientExtensions.MessageLoopAsync: Polling on remoteEndPoint: 127.0.0.1:49283 localEndPoint: 127.0.0.1:49282 after 0 ms
TpTrace Verbose: 0 : 14188, 5, 2024/05/16, 22:18:59.281, 5522417083867, vstest.console.dll, TestRequestSender.CheckVersionWithTestHost: Sending check version message: {"MessageType":"ProtocolVersion","Payload":7}
TpTrace Verbose: 0 : 14188, 7, 2024/05/16, 22:18:59.456, 5522418832500, vstest.console.dll, TcpClientExtensions.MessageLoopAsync: NotifyDataAvailable remoteEndPoint: 127.0.0.1:49283 localEndPoint: 127.0.0.1:49282
TpTrace Verbose: 0 : 14188, 7, 2024/05/16, 22:18:59.456, 5522418835190, vstest.console.dll, TestRequestSender.CheckVersionWithTestHost: onMessageReceived received message: (ProtocolVersion) -> {"MessageType":"ProtocolVersion","Payload":7}
TpTrace Verbose: 0 : 14188, 7, 2024/05/16, 22:18:59.457, 5522418840900, vstest.console.dll, MulticastDelegateUtilities.SafeInvoke: LengthPrefixCommunicationChannel: MessageReceived: Invoking callback 1/1 for Microsoft.VisualStudio.TestPlatform.CommunicationUtilities.TestRequestSender+<>c__DisplayClass29_0., took 0 ms.
TpTrace Verbose: 0 : 14188, 7, 2024/05/16, 22:18:59.457, 5522418841815, vstest.console.dll, TcpClientExtensions.MessageLoopAsync: Polling on remoteEndPoint: 127.0.0.1:49283 localEndPoint: 127.0.0.1:49282 after 176 ms
TpTrace Verbose: 0 : 14188, 5, 2024/05/16, 22:18:59.457, 5522418842242, vstest.console.dll, TestPluginCache.GetExtensionPaths: Filtered extension paths: 
TpTrace Verbose: 0 : 14188, 5, 2024/05/16, 22:18:59.457, 5522418843050, vstest.console.dll, TestPluginCache.GetExtensionPaths: Added default extension paths: C:\Program Files\dotnet\sdk\8.0.200\Extensions\Microsoft.Diagnostics.NETCore.Client.dll
C:\Program Files\dotnet\sdk\8.0.200\Extensions\Microsoft.TestPlatform.Extensions.BlameDataCollector.dll
C:\Program Files\dotnet\sdk\8.0.200\Extensions\Microsoft.TestPlatform.Extensions.EventLogCollector.dll
C:\Program Files\dotnet\sdk\8.0.200\Extensions\Microsoft.TestPlatform.TestHostRuntimeProvider.dll
C:\Program Files\dotnet\sdk\8.0.200\Extensions\Microsoft.VisualStudio.TestPlatform.Extensions.Html.TestLogger.dll
C:\Program Files\dotnet\sdk\8.0.200\Extensions\Microsoft.VisualStudio.TestPlatform.Extensions.Trx.TestLogger.dll
TpTrace Verbose: 0 : 14188, 5, 2024/05/16, 22:18:59.457, 5522418844323, vstest.console.dll, TestPluginCache.GetExtensionPaths: Added unfilterableExtensionPaths: 
TpTrace Verbose: 0 : 14188, 5, 2024/05/16, 22:18:59.460, 5522418874453, vstest.console.dll, TestRequestSender.InitializeExecution: Sending initialize execution with message: {"Version":7,"MessageType":"TestExecution.Initialize","Payload":["C:\\Users\\Admin\\source\\repos\\ASPNETAssignment1\\BusinessTest\\bin\\Debug\\net8.0\\fine-code-coverage\\build-output\\xunit.runner.visualstudio.testadapter.dll"]}
TpTrace Verbose: 0 : 14188, 5, 2024/05/16, 22:18:59.460, 5522418876738, vstest.console.dll, ParallelProxyExecutionManager.StartTestRunOnConcurrentManager: Execution starting. Started clients: 1
TpTrace Verbose: 0 : 14188, 5, 2024/05/16, 22:18:59.461, 5522418879644, vstest.console.dll, TestRunRequest:SendTestRunMessage: Starting.
TpTrace Verbose: 0 : 14188, 5, 2024/05/16, 22:18:59.461, 5522418881335, vstest.console.dll, MulticastDelegateUtilities.SafeInvoke: TestRun.LogMessages: Invoking callback 1/1 for Microsoft.VisualStudio.TestPlatform.CommandLine.TestRunResultAggregator., took 0 ms.
TpTrace Information: 0 : 14188, 5, 2024/05/16, 22:18:59.461, 5522418881919, vstest.console.dll, TestRunRequest:SendTestRunMessage: Completed.
TpTrace Verbose: 0 : 14188, 4, 2024/05/16, 22:18:59.461, 5522418883776, vstest.console.dll, MulticastDelegateUtilities.SafeInvoke: InternalTestLoggerEvents.SendTestRunMessage: Invoking callback 1/1 for Microsoft.VisualStudio.TestPlatform.CommandLine.Internal.ConsoleLogger., took 0 ms.
TpTrace Warning: 0 : 14188, 5, 2024/05/16, 22:18:59.461, 5522418885871, vstest.console.dll, InferRunSettingsHelper.MakeRunsettingsCompatible: Removing the following settings: TargetPlatform from RunSettings file. To use those settings please move to latest version of Microsoft.NET.Test.Sdk
TpTrace Verbose: 0 : 14188, 7, 2024/05/16, 22:18:59.462, 5522418890876, vstest.console.dll, TcpClientExtensions.MessageLoopAsync: NotifyDataAvailable remoteEndPoint: 127.0.0.1:49283 localEndPoint: 127.0.0.1:49282
TpTrace Verbose: 0 : 14188, 7, 2024/05/16, 22:18:59.462, 5522418894687, vstest.console.dll, TestRequestSender.OnExecutionMessageReceived: Received message: {"Version":7,"MessageType":"TestSession.Message","Payload":{"MessageLevel":0,"Message":"Logging TestHost Diagnostics in file: C:\\Users\\Admin\\source\\repos\\ASPNETAssignment1\\BusinessTest\\bin\\Debug\\net8.0\\fine-code-coverage\\coverage-tool-output\\diagnostics.host.24-05-16_22-18-59_08142_5.log"}}
TpTrace Verbose: 0 : 14188, 7, 2024/05/16, 22:18:59.466, 5522418927457, vstest.console.dll, TestRunRequest:SendTestRunMessage: Starting.
TpTrace Verbose: 0 : 14188, 7, 2024/05/16, 22:18:59.466, 5522418929242, vstest.console.dll, MulticastDelegateUtilities.SafeInvoke: TestRun.LogMessages: Invoking callback 1/1 for Microsoft.VisualStudio.TestPlatform.CommandLine.TestRunResultAggregator., took 0 ms.
TpTrace Information: 0 : 14188, 7, 2024/05/16, 22:18:59.466, 5522418929915, vstest.console.dll, TestRunRequest:SendTestRunMessage: Completed.
TpTrace Verbose: 0 : 14188, 7, 2024/05/16, 22:18:59.466, 5522418930625, vstest.console.dll, MulticastDelegateUtilities.SafeInvoke: LengthPrefixCommunicationChannel: MessageReceived: Invoking callback 1/1 for Microsoft.VisualStudio.TestPlatform.CommunicationUtilities.TestRequestSender+<>c__DisplayClass34_0., took 3 ms.
TpTrace Verbose: 0 : 14188, 4, 2024/05/16, 22:18:59.466, 5522418929865, vstest.console.dll, MulticastDelegateUtilities.SafeInvoke: InternalTestLoggerEvents.SendTestRunMessage: Invoking callback 1/1 for Microsoft.VisualStudio.TestPlatform.CommandLine.Internal.ConsoleLogger., took 0 ms.
TpTrace Verbose: 0 : 14188, 7, 2024/05/16, 22:18:59.466, 5522418931369, vstest.console.dll, TcpClientExtensions.MessageLoopAsync: Polling on remoteEndPoint: 127.0.0.1:49283 localEndPoint: 127.0.0.1:49282 after 8 ms
TpTrace Verbose: 0 : 14188, 5, 2024/05/16, 22:18:59.469, 5522418963801, vstest.console.dll, TestRequestSender.StartTestRun: Sending test run with message: {"Version":7,"MessageType":"TestExecution.StartWithSources","Payload":{"AdapterSourceMap":{"_none_":["C:\\Users\\Admin\\source\\repos\\ASPNETAssignment1\\BusinessTest\\bin\\Debug\\net8.0\\fine-code-coverage\\build-output\\ASPNETAssignment1.Tests.dll"]},"RunSettings":"<RunSettings>\r\n  <RunConfiguration>\r\n    <ResultsDirectory>C:\\Users\\Admin\\source\\repos\\ASPNETAssignment1\\BusinessTest\\bin\\Debug\\net8.0\\fine-code-coverage\\coverage-tool-output</ResultsDirectory>\r\n    <TargetFrameworkVersion>.NETCoreApp,Version=v8.0</TargetFrameworkVersion>\r\n    <DesignMode>False</DesignMode>\r\n    <CollectSourceInformation>False</CollectSourceInformation>\r\n  </RunConfiguration>\r\n  <LoggerRunSettings>\r\n    <Loggers>\r\n      <Logger friendlyName=\"blame\" enabled=\"True\" />\r\n      <Logger friendlyName=\"Console\" uri=\"logger://microsoft/TestPlatform/ConsoleLogger/v1\" assemblyQualifiedName=\"Microsoft.VisualStudio.TestPlatform.CommandLine.Internal.ConsoleLogger, vstest.console, Version=15.0.0.0, Culture=neutral, PublicKeyToken=b03f5f7f11d50a3a\" codeBase=\"C:\\Program Files\\dotnet\\sdk\\8.0.200\\vstest.console.dll\" enabled=\"True\" />\r\n    </Loggers>\r\n  </LoggerRunSettings>\r\n  <DataCollectionRunSettings>\r\n    <DataCollectors>\r\n      <DataCollector friendlyName=\"blame\" enabled=\"True\">\r\n        <Configuration>\r\n          <ResultsDirectory>C:\\Users\\Admin\\source\\repos\\ASPNETAssignment1\\BusinessTest\\bin\\Debug\\net8.0\\fine-code-coverage\\coverage-tool-output</ResultsDirectory>\r\n        </Configuration>\r\n      </DataCollector>\r\n    </DataCollectors>\r\n  </DataCollectionRunSettings>\r\n</RunSettings>","TestExecutionContext":{"FrequencyOfRunStatsChangeEvent":10,"RunStatsChangeEventTimeout":"00:00:01.5000000","InIsolation":false,"KeepAlive":false,"AreTestCaseLevelEventsRequired":false,"IsDebug":false,"TestCaseFilter":null,"FilterOptions":null},"Package":null}}
TpTrace Verbose: 0 : 14188, 5, 2024/05/16, 22:18:59.469, 5522418965772, vstest.console.dll, ParallelProxyExecutionManager.StartTestRunOnConcurrentManager: Execution started. Started clients: 1
TpTrace Verbose: 0 : 14188, 7, 2024/05/16, 22:18:59.649, 5522420758177, vstest.console.dll, TcpClientExtensions.MessageLoopAsync: NotifyDataAvailable remoteEndPoint: 127.0.0.1:49283 localEndPoint: 127.0.0.1:49282
TpTrace Verbose: 0 : 14188, 7, 2024/05/16, 22:18:59.649, 5522420760551, vstest.console.dll, TestRequestSender.OnExecutionMessageReceived: Received message: {"Version":7,"MessageType":"TestSession.Message","Payload":{"MessageLevel":0,"Message":"[xUnit.net 00:00:00.00] xUnit.net VSTest Adapter v2.8.0+6438bb880a (64-bit .NET 8.0.2)"}}
TpTrace Verbose: 0 : 14188, 7, 2024/05/16, 22:18:59.649, 5522420763840, vstest.console.dll, TestRunRequest:SendTestRunMessage: Starting.
TpTrace Verbose: 0 : 14188, 7, 2024/05/16, 22:18:59.649, 5522420765239, vstest.console.dll, MulticastDelegateUtilities.SafeInvoke: TestRun.LogMessages: Invoking callback 1/1 for Microsoft.VisualStudio.TestPlatform.CommandLine.TestRunResultAggregator., took 0 ms.
TpTrace Information: 0 : 14188, 7, 2024/05/16, 22:18:59.649, 5522420766040, vstest.console.dll, TestRunRequest:SendTestRunMessage: Completed.
TpTrace Verbose: 0 : 14188, 4, 2024/05/16, 22:18:59.649, 5522420766169, vstest.console.dll, MulticastDelegateUtilities.SafeInvoke: InternalTestLoggerEvents.SendTestRunMessage: Invoking callback 1/1 for Microsoft.VisualStudio.TestPlatform.CommandLine.Internal.ConsoleLogger., took 0 ms.
TpTrace Verbose: 0 : 14188, 7, 2024/05/16, 22:18:59.649, 5522420766861, vstest.console.dll, MulticastDelegateUtilities.SafeInvoke: LengthPrefixCommunicationChannel: MessageReceived: Invoking callback 1/1 for Microsoft.VisualStudio.TestPlatform.CommunicationUtilities.TestRequestSender+<>c__DisplayClass34_0., took 0 ms.
TpTrace Verbose: 0 : 14188, 7, 2024/05/16, 22:18:59.650, 5522420770273, vstest.console.dll, TcpClientExtensions.MessageLoopAsync: Polling on remoteEndPoint: 127.0.0.1:49283 localEndPoint: 127.0.0.1:49282 after 183 ms
TpTrace Verbose: 0 : 14188, 7, 2024/05/16, 22:18:59.766, 5522421927143, vstest.console.dll, TcpClientExtensions.MessageLoopAsync: NotifyDataAvailable remoteEndPoint: 127.0.0.1:49283 localEndPoint: 127.0.0.1:49282
TpTrace Verbose: 0 : 14188, 7, 2024/05/16, 22:18:59.766, 5522421928745, vstest.console.dll, TestRequestSender.OnExecutionMessageReceived: Received message: {"Version":7,"MessageType":"TestSession.Message","Payload":{"MessageLevel":0,"Message":"[xUnit.net 00:00:00.12]   Discovering: ASPNETAssignment1.Tests"}}
TpTrace Verbose: 0 : 14188, 7, 2024/05/16, 22:18:59.766, 5522421930109, vstest.console.dll, TestRunRequest:SendTestRunMessage: Starting.
TpTrace Verbose: 0 : 14188, 7, 2024/05/16, 22:18:59.766, 5522421930823, vstest.console.dll, MulticastDelegateUtilities.SafeInvoke: TestRun.LogMessages: Invoking callback 1/1 for Microsoft.VisualStudio.TestPlatform.CommandLine.TestRunResultAggregator., took 0 ms.
TpTrace Verbose: 0 : 14188, 4, 2024/05/16, 22:18:59.766, 5522421931098, vstest.console.dll, MulticastDelegateUtilities.SafeInvoke: InternalTestLoggerEvents.SendTestRunMessage: Invoking callback 1/1 for Microsoft.VisualStudio.TestPlatform.CommandLine.Internal.ConsoleLogger., took 0 ms.
TpTrace Information: 0 : 14188, 7, 2024/05/16, 22:18:59.766, 5522421931202, vstest.console.dll, TestRunRequest:SendTestRunMessage: Completed.
TpTrace Verbose: 0 : 14188, 7, 2024/05/16, 22:18:59.766, 5522421932350, vstest.console.dll, MulticastDelegateUtilities.SafeInvoke: LengthPrefixCommunicationChannel: MessageReceived: Invoking callback 1/1 for Microsoft.VisualStudio.TestPlatform.CommunicationUtilities.TestRequestSender+<>c__DisplayClass34_0., took 0 ms.
TpTrace Verbose: 0 : 14188, 7, 2024/05/16, 22:18:59.766, 5522421932777, vstest.console.dll, TcpClientExtensions.MessageLoopAsync: Polling on remoteEndPoint: 127.0.0.1:49283 localEndPoint: 127.0.0.1:49282 after 116 ms
TpTrace Verbose: 0 : 14188, 7, 2024/05/16, 22:18:59.800, 5522422274899, vstest.console.dll, TcpClientExtensions.MessageLoopAsync: NotifyDataAvailable remoteEndPoint: 127.0.0.1:49283 localEndPoint: 127.0.0.1:49282
TpTrace Verbose: 0 : 14188, 7, 2024/05/16, 22:18:59.800, 5522422276583, vstest.console.dll, TestRequestSender.OnExecutionMessageReceived: Received message: {"Version":7,"MessageType":"TestSession.Message","Payload":{"MessageLevel":0,"Message":"[xUnit.net 00:00:00.16]   Discovered:  ASPNETAssignment1.Tests"}}
TpTrace Verbose: 0 : 14188, 7, 2024/05/16, 22:18:59.801, 5522422277693, vstest.console.dll, TestRunRequest:SendTestRunMessage: Starting.
TpTrace Verbose: 0 : 14188, 7, 2024/05/16, 22:18:59.801, 5522422278458, vstest.console.dll, MulticastDelegateUtilities.SafeInvoke: TestRun.LogMessages: Invoking callback 1/1 for Microsoft.VisualStudio.TestPlatform.CommandLine.TestRunResultAggregator., took 0 ms.
TpTrace Information: 0 : 14188, 7, 2024/05/16, 22:18:59.801, 5522422278788, vstest.console.dll, TestRunRequest:SendTestRunMessage: Completed.
TpTrace Verbose: 0 : 14188, 4, 2024/05/16, 22:18:59.801, 5522422278782, vstest.console.dll, MulticastDelegateUtilities.SafeInvoke: InternalTestLoggerEvents.SendTestRunMessage: Invoking callback 1/1 for Microsoft.VisualStudio.TestPlatform.CommandLine.Internal.ConsoleLogger., took 0 ms.
TpTrace Verbose: 0 : 14188, 7, 2024/05/16, 22:18:59.801, 5522422279165, vstest.console.dll, MulticastDelegateUtilities.SafeInvoke: LengthPrefixCommunicationChannel: MessageReceived: Invoking callback 1/1 for Microsoft.VisualStudio.TestPlatform.CommunicationUtilities.TestRequestSender+<>c__DisplayClass34_0., took 0 ms.
TpTrace Verbose: 0 : 14188, 7, 2024/05/16, 22:18:59.801, 5522422280745, vstest.console.dll, TcpClientExtensions.MessageLoopAsync: Polling on remoteEndPoint: 127.0.0.1:49283 localEndPoint: 127.0.0.1:49282 after 34 ms
TpTrace Verbose: 0 : 14188, 7, 2024/05/16, 22:18:59.803, 5522422303505, vstest.console.dll, TcpClientExtensions.MessageLoopAsync: NotifyDataAvailable remoteEndPoint: 127.0.0.1:49283 localEndPoint: 127.0.0.1:49282
TpTrace Verbose: 0 : 14188, 7, 2024/05/16, 22:18:59.803, 5522422304707, vstest.console.dll, TestRequestSender.OnExecutionMessageReceived: Received message: {"Version":7,"MessageType":"TestSession.Message","Payload":{"MessageLevel":0,"Message":"[xUnit.net 00:00:00.16]   Starting:    ASPNETAssignment1.Tests"}}
TpTrace Verbose: 0 : 14188, 7, 2024/05/16, 22:18:59.803, 5522422305500, vstest.console.dll, TestRunRequest:SendTestRunMessage: Starting.
TpTrace Verbose: 0 : 14188, 7, 2024/05/16, 22:18:59.803, 5522422306209, vstest.console.dll, MulticastDelegateUtilities.SafeInvoke: TestRun.LogMessages: Invoking callback 1/1 for Microsoft.VisualStudio.TestPlatform.CommandLine.TestRunResultAggregator., took 0 ms.
TpTrace Information: 0 : 14188, 7, 2024/05/16, 22:18:59.803, 5522422306534, vstest.console.dll, TestRunRequest:SendTestRunMessage: Completed.
TpTrace Verbose: 0 : 14188, 4, 2024/05/16, 22:18:59.803, 5522422306526, vstest.console.dll, MulticastDelegateUtilities.SafeInvoke: InternalTestLoggerEvents.SendTestRunMessage: Invoking callback 1/1 for Microsoft.VisualStudio.TestPlatform.CommandLine.Internal.ConsoleLogger., took 0 ms.
TpTrace Verbose: 0 : 14188, 7, 2024/05/16, 22:18:59.803, 5522422306930, vstest.console.dll, MulticastDelegateUtilities.SafeInvoke: LengthPrefixCommunicationChannel: MessageReceived: Invoking callback 1/1 for Microsoft.VisualStudio.TestPlatform.CommunicationUtilities.TestRequestSender+<>c__DisplayClass34_0., took 0 ms.
TpTrace Verbose: 0 : 14188, 7, 2024/05/16, 22:18:59.804, 5522422308443, vstest.console.dll, TcpClientExtensions.MessageLoopAsync: Polling on remoteEndPoint: 127.0.0.1:49283 localEndPoint: 127.0.0.1:49282 after 2 ms
TpTrace Verbose: 0 : 14188, 7, 2024/05/16, 22:19:00.005, 5522424323824, vstest.console.dll, TcpClientExtensions.MessageLoopAsync: NotifyDataAvailable remoteEndPoint: 127.0.0.1:49283 localEndPoint: 127.0.0.1:49282
TpTrace Verbose: 0 : 14188, 7, 2024/05/16, 22:19:00.005, 5522424326574, vstest.console.dll, TestRequestSender.OnExecutionMessageReceived: Received message: {"Version":7,"MessageType":"TestExecution.StatsChange","Payload":{"NewTestResults":[{"TestCase":{"Id":"a6ac5f6d-a501-19ac-7a09-69184ca8307d","FullyQualifiedName":"ASPNETAssignment1.Tests.Services.PersonBusinessLogicTests.IsUpperCaseFirstChar_ReturnsTrue_IfFirstCharIsUpperCase","DisplayName":"ASPNETAssignment1.Tests.Services.PersonBusinessLogicTests.IsUpperCaseFirstChar_ReturnsTrue_IfFirstCharIsUpperCase","ExecutorUri":"executor://xunit/VsTestRunner2/netcoreapp","Source":"C:\\Users\\Admin\\source\\repos\\ASPNETAssignment1\\BusinessTest\\bin\\Debug\\net8.0\\fine-code-coverage\\build-output\\ASPNETAssignment1.Tests.dll","CodeFilePath":null,"LineNumber":0,"Properties":[]},"Attachments":[],"Outcome":1,"ErrorMessage":null,"ErrorStackTrace":null,"DisplayName":"ASPNETAssignment1.Tests.Services.PersonBusinessLogicTests.IsUpperCaseFirstChar_ReturnsTrue_IfFirstCharIsUpperCase","Messages":[],"ComputerName":"DESKTOP-PB0A02F","Duration":"00:00:00.0607793","StartTime":"2024-05-16T15:18:59.9100685+00:00","EndTime":"2024-05-16T15:18:59.9100921+00:00","Properties":[]},{"TestCase":{"Id":"95ed03fa-7cb2-5f81-6616-9302b9e2e2f8","FullyQualifiedName":"ASPNETAssignment1.WebApp.Tests.Controllers.PersonControllerTests.Edit_Post_ReturnsRedirectToActionResult_WhenModelStateIsValid","DisplayName":"ASPNETAssignment1.WebApp.Tests.Controllers.PersonControllerTests.Edit_Post_ReturnsRedirectToActionResult_WhenModelStateIsValid","ExecutorUri":"executor://xunit/VsTestRunner2/netcoreapp","Source":"C:\\Users\\Admin\\source\\repos\\ASPNETAssignment1\\BusinessTest\\bin\\Debug\\net8.0\\fine-code-coverage\\build-output\\ASPNETAssignment1.Tests.dll","CodeFilePath":null,"LineNumber":0,"Properties":[]},"Attachments":[],"Outcome":1,"ErrorMessage":null,"ErrorStackTrace":null,"DisplayName":"ASPNETAssignment1.WebApp.Tests.Controllers.PersonControllerTests.Edit_Post_ReturnsRedirectToActionResult_WhenModelStateIsValid","Messages":[],"ComputerName":"DESKTOP-PB0A02F","Duration":"00:00:00.0661354","StartTime":"2024-05-16T15:18:59.9254746+00:00","EndTime":"2024-05-16T15:18:59.9254748+00:00","Properties":[]},{"TestCase":{"Id":"cfa92526-7198-bf38-26c3-1a2b22cda7b3","FullyQualifiedName":"ASPNETAssignment1.WebApp.Tests.Controllers.PersonControllerTests.OldestPerson_ReturnsViewResult_WithOldestPerson","DisplayName":"ASPNETAssignment1.WebApp.Tests.Controllers.PersonControllerTests.OldestPerson_ReturnsViewResult_WithOldestPerson","ExecutorUri":"executor://xunit/VsTestRunner2/netcoreapp","Source":"C:\\Users\\Admin\\source\\repos\\ASPNETAssignment1\\BusinessTest\\bin\\Debug\\net8.0\\fine-code-coverage\\build-output\\ASPNETAssignment1.Tests.dll","CodeFilePath":null,"LineNumber":0,"Properties":[]},"Attachments":[],"Outcome":1,"ErrorMessage":null,"ErrorStackTrace":null,"DisplayName":"ASPNETAssignment1.WebApp.Tests.Controllers.PersonControllerTests.OldestPerson_ReturnsViewResult_WithOldestPerson","Messages":[],"ComputerName":"DESKTOP-PB0A02F","Duration":"00:00:00.0193175","StartTime":"2024-05-16T15:18:59.9308438+00:00","EndTime":"2024-05-16T15:18:59.930844+00:00","Properties":[]},{"TestCase":{"Id":"76e172d0-b7ad-1900-2a73-50ee016e7698","FullyQualifiedName":"ASPNETAssignment1.WebApp.Tests.Controllers.PersonControllerTests.Index_ReturnsViewResult_WithListOfPersons","DisplayName":"ASPNETAssignment1.WebApp.Tests.Controllers.PersonControllerTests.Index_ReturnsViewResult_WithListOfPersons","ExecutorUri":"executor://xunit/VsTestRunner2/netcoreapp","Source":"C:\\Users\\Admin\\source\\repos\\ASPNETAssignment1\\BusinessTest\\bin\\Debug\\net8.0\\fine-code-coverage\\build-output\\ASPNETAssignment1.Tests.dll","CodeFilePath":null,"LineNumber":0,"Properties":[]},"Attachments":[],"Outcome":1,"ErrorMessage":null,"ErrorStackTrace":null,"DisplayName":"ASPNETAssignment1.WebApp.Tests.Controllers.PersonControllerTests.Index_ReturnsViewResult_WithListOfPersons","Messages":[],"ComputerName":"DESKTOP-PB0A02F","Duration":"00:00:00.0017529","StartTime":"2024-05-16T15:18:59.9337301+00:00","EndTime":"2024-05-16T15:18:59.9337303+00:00","Properties":[]},{"TestCase":{"Id":"4e759efc-86e5-553b-24ad-3b9662642079","FullyQualifiedName":"ASPNETAssignment1.WebApp.Tests.Controllers.PersonControllerTests.Confirmation_ReturnsViewResult_WithSuccessMessage","DisplayName":"ASPNETAssignment1.WebApp.Tests.Controllers.PersonControllerTests.Confirmation_ReturnsViewResult_WithSuccessMessage","ExecutorUri":"executor://xunit/VsTestRunner2/netcoreapp","Source":"C:\\Users\\Admin\\source\\repos\\ASPNETAssignment1\\BusinessTest\\bin\\Debug\\net8.0\\fine-code-coverage\\build-output\\ASPNETAssignment1.Tests.dll","CodeFilePath":null,"LineNumber":0,"Properties":[]},"Attachments":[],"Outcome":1,"ErrorMessage":null,"ErrorStackTrace":null,"DisplayName":"ASPNETAssignment1.WebApp.Tests.Controllers.PersonControllerTests.Confirmation_ReturnsViewResult_WithSuccessMessage","Messages":[],"ComputerName":"DESKTOP-PB0A02F","Duration":"00:00:00.0392323","StartTime":"2024-05-16T15:18:59.9699512+00:00","EndTime":"2024-05-16T15:18:59.9699515+00:00","Properties":[]},{"TestCase":{"Id":"51aec9ff-0770-5222-59db-1ae29e9937e1","FullyQualifiedName":"ASPNETAssignment1.WebApp.Tests.Controllers.PersonControllerTests.Create_Post_ReturnsRedirectToActionResult_WhenModelStateIsValid","DisplayName":"ASPNETAssignment1.WebApp.Tests.Controllers.PersonControllerTests.Create_Post_ReturnsRedirectToActionResult_WhenModelStateIsValid","ExecutorUri":"executor://xunit/VsTestRunner2/netcoreapp","Source":"C:\\Users\\Admin\\source\\repos\\ASPNETAssignment1\\BusinessTest\\bin\\Debug\\net8.0\\fine-code-coverage\\build-output\\ASPNETAssignment1.Tests.dll","CodeFilePath":null,"LineNumber":0,"Properties":[]},"Attachments":[],"Outcome":1,"ErrorMessage":null,"ErrorStackTrace":null,"DisplayName":"ASPNETAssignment1.WebApp.Tests.Controllers.PersonControllerTests.Create_Post_ReturnsRedirectToActionResult_WhenModelStateIsValid","Messages":[],"ComputerName":"DESKTOP-PB0A02F","Duration":"00:00:00.0005119","StartTime":"2024-05-16T15:18:59.9756156+00:00","EndTime":"2024-05-16T15:18:59.9756158+00:00","Properties":[]},{"TestCase":{"Id":"c544ec98-a13d-8d8e-855c-b9b79e7d4854","FullyQualifiedName":"ASPNETAssignment1.WebApp.Tests.Controllers.PersonControllerTests.Details_ReturnsNotFoundResult_WhenPersonIsNull","DisplayName":"ASPNETAssignment1.WebApp.Tests.Controllers.PersonControllerTests.Details_ReturnsNotFoundResult_WhenPersonIsNull","ExecutorUri":"executor://xunit/VsTestRunner2/netcoreapp","Source":"C:\\Users\\Admin\\source\\repos\\ASPNETAssignment1\\BusinessTest\\bin\\Debug\\net8.0\\fine-code-coverage\\build-output\\ASPNETAssignment1.Tests.dll","CodeFilePath":null,"LineNumber":0,"Properties":[]},"Attachments":[],"Outcome":1,"ErrorMessage":null,"ErrorStackTrace":null,"DisplayName":"ASPNETAssignment1.WebApp.Tests.Controllers.PersonControllerTests.Details_ReturnsNotFoundResult_WhenPersonIsNull","Messages":[],"ComputerName":"DESKTOP-PB0A02F","Duration":"00:00:00.0033477","StartTime":"2024-05-16T15:18:59.9780477+00:00","EndTime":"2024-05-16T15:18:59.9780479+00:00","Properties":[]},{"TestCase":{"Id":"0505a349-3afb-e6ca-a654-de4334e64a66","FullyQualifiedName":"ASPNETAssignment1.WebApp.Tests.Controllers.PersonControllerTests.Create_ReturnsViewResult","DisplayName":"ASPNETAssignment1.WebApp.Tests.Controllers.PersonControllerTests.Create_ReturnsViewResult","ExecutorUri":"executor://xunit/VsTestRunner2/netcoreapp","Source":"C:\\Users\\Admin\\source\\repos\\ASPNETAssignment1\\BusinessTest\\bin\\Debug\\net8.0\\fine-code-coverage\\build-output\\ASPNETAssignment1.Tests.dll","CodeFilePath":null,"LineNumber":0,"Properties":[]},"Attachments":[],"Outcome":1,"ErrorMessage":null,"ErrorStackTrace":null,"DisplayName":"ASPNETAssignment1.WebApp.Tests.Controllers.PersonControllerTests.Create_ReturnsViewResult","Messages":[],"ComputerName":"DESKTOP-PB0A02F","Duration":"00:00:00.0003087","StartTime":"2024-05-16T15:18:59.9803539+00:00","EndTime":"2024-05-16T15:18:59.980354+00:00","Properties":[]}],"TestRunStatistics":{"ExecutedTests":8,"Stats":{"Passed":8}},"ActiveTests":[{"Id":"3721d531-15d5-cafe-a964-a393cd10693f","FullyQualifiedName":"ASPNETAssignment1.Tests.Services.PersonBusinessLogicTests.ExportToExcel_ReturnsFileStreamResult","DisplayName":"ASPNETAssignment1.Tests.Services.PersonBusinessLogicTests.ExportToExcel_ReturnsFileStreamResult","ExecutorUri":"executor://xunit/VsTestRunner2/netcoreapp","Source":"C:\\Users\\Admin\\source\\repos\\ASPNETAssignment1\\BusinessTest\\bin\\Debug\\net8.0\\fine-code-coverage\\build-output\\ASPNETAssignment1.Tests.dll","CodeFilePath":null,"LineNumber":0,"Properties":[]},{"Id":"f50d1355-8070-ae09-82b8-284c292e8a14","FullyQualifiedName":"ASPNETAssignment1.WebApp.Tests.Controllers.PersonControllerTests.Delete_Post_ReturnsRedirectToActionResult_AfterDeletingPerson","DisplayName":"ASPNETAssignment1.WebApp.Tests.Controllers.PersonControllerTests.Delete_Post_ReturnsRedirectToActionResult_AfterDeletingPerson","ExecutorUri":"executor://xunit/VsTestRunner2/netcoreapp","Source":"C:\\Users\\Admin\\source\\repos\\ASPNETAssignment1\\BusinessTest\\bin\\Debug\\net8.0\\fine-code-coverage\\build-output\\ASPNETAssignment1.Tests.dll","CodeFilePath":null,"LineNumber":0,"Properties":[]}]}}
TpTrace Verbose: 0 : 14188, 7, 2024/05/16, 22:19:00.031, 5522424578993, vstest.console.dll, TestRunRequest:SendTestRunStatsChange: Starting.
TpTrace Verbose: 0 : 14188, 7, 2024/05/16, 22:19:00.031, 5522424581193, vstest.console.dll, InProgress is ASPNETAssignment1.Tests.Services.PersonBusinessLogicTests.ExportToExcel_ReturnsFileStreamResult
TpTrace Verbose: 0 : 14188, 7, 2024/05/16, 22:19:00.031, 5522424581793, vstest.console.dll, InProgress is ASPNETAssignment1.WebApp.Tests.Controllers.PersonControllerTests.Delete_Post_ReturnsRedirectToActionResult_AfterDeletingPerson
TpTrace Verbose: 0 : 14188, 7, 2024/05/16, 22:19:00.031, 5522424583949, vstest.console.dll, MulticastDelegateUtilities.SafeInvoke: TestRun.RunStatsChanged: Invoking callbacks was skipped because there are no subscribers.
TpTrace Information: 0 : 14188, 7, 2024/05/16, 22:19:00.031, 5522424584481, vstest.console.dll, TestRunRequest:SendTestRunStatsChange: Completed.
TpTrace Verbose: 0 : 14188, 7, 2024/05/16, 22:19:00.031, 5522424585033, vstest.console.dll, MulticastDelegateUtilities.SafeInvoke: LengthPrefixCommunicationChannel: MessageReceived: Invoking callback 1/1 for Microsoft.VisualStudio.TestPlatform.CommunicationUtilities.TestRequestSender+<>c__DisplayClass34_0., took 25 ms.
TpTrace Verbose: 0 : 14188, 7, 2024/05/16, 22:19:00.031, 5522424585554, vstest.console.dll, TcpClientExtensions.MessageLoopAsync: Polling on remoteEndPoint: 127.0.0.1:49283 localEndPoint: 127.0.0.1:49282 after 227 ms
TpTrace Verbose: 0 : 14188, 4, 2024/05/16, 22:19:00.035, 5522424618158, vstest.console.dll, MulticastDelegateUtilities.SafeInvoke: InternalTestLoggerEvents.SendTestResult: Invoking callback 1/1 for Microsoft.VisualStudio.TestPlatform.CommandLine.Internal.ConsoleLogger., took 3 ms.
TpTrace Verbose: 0 : 14188, 4, 2024/05/16, 22:19:00.035, 5522424622191, vstest.console.dll, MulticastDelegateUtilities.SafeInvoke: InternalTestLoggerEvents.SendTestResult: Invoking callback 1/1 for Microsoft.VisualStudio.TestPlatform.CommandLine.Internal.ConsoleLogger., took 0 ms.
TpTrace Verbose: 0 : 14188, 4, 2024/05/16, 22:19:00.035, 5522424623147, vstest.console.dll, MulticastDelegateUtilities.SafeInvoke: InternalTestLoggerEvents.SendTestResult: Invoking callback 1/1 for Microsoft.VisualStudio.TestPlatform.CommandLine.Internal.ConsoleLogger., took 0 ms.
TpTrace Verbose: 0 : 14188, 4, 2024/05/16, 22:19:00.035, 5522424623817, vstest.console.dll, MulticastDelegateUtilities.SafeInvoke: InternalTestLoggerEvents.SendTestResult: Invoking callback 1/1 for Microsoft.VisualStudio.TestPlatform.CommandLine.Internal.ConsoleLogger., took 0 ms.
TpTrace Verbose: 0 : 14188, 4, 2024/05/16, 22:19:00.035, 5522424624430, vstest.console.dll, MulticastDelegateUtilities.SafeInvoke: InternalTestLoggerEvents.SendTestResult: Invoking callback 1/1 for Microsoft.VisualStudio.TestPlatform.CommandLine.Internal.ConsoleLogger., took 0 ms.
TpTrace Verbose: 0 : 14188, 4, 2024/05/16, 22:19:00.035, 5522424625072, vstest.console.dll, MulticastDelegateUtilities.SafeInvoke: InternalTestLoggerEvents.SendTestResult: Invoking callback 1/1 for Microsoft.VisualStudio.TestPlatform.CommandLine.Internal.ConsoleLogger., took 0 ms.
TpTrace Verbose: 0 : 14188, 4, 2024/05/16, 22:19:00.035, 5522424625687, vstest.console.dll, MulticastDelegateUtilities.SafeInvoke: InternalTestLoggerEvents.SendTestResult: Invoking callback 1/1 for Microsoft.VisualStudio.TestPlatform.CommandLine.Internal.ConsoleLogger., took 0 ms.
TpTrace Verbose: 0 : 14188, 4, 2024/05/16, 22:19:00.035, 5522424626242, vstest.console.dll, MulticastDelegateUtilities.SafeInvoke: InternalTestLoggerEvents.SendTestResult: Invoking callback 1/1 for Microsoft.VisualStudio.TestPlatform.CommandLine.Internal.ConsoleLogger., took 0 ms.
TpTrace Verbose: 0 : 14188, 7, 2024/05/16, 22:19:00.039, 5522424657497, vstest.console.dll, TcpClientExtensions.MessageLoopAsync: NotifyDataAvailable remoteEndPoint: 127.0.0.1:49283 localEndPoint: 127.0.0.1:49282
TpTrace Verbose: 0 : 14188, 7, 2024/05/16, 22:19:00.039, 5522424660669, vstest.console.dll, TestRequestSender.OnExecutionMessageReceived: Received message: {"Version":7,"MessageType":"TestExecution.StatsChange","Payload":{"NewTestResults":[{"TestCase":{"Id":"f50d1355-8070-ae09-82b8-284c292e8a14","FullyQualifiedName":"ASPNETAssignment1.WebApp.Tests.Controllers.PersonControllerTests.Delete_Post_ReturnsRedirectToActionResult_AfterDeletingPerson","DisplayName":"ASPNETAssignment1.WebApp.Tests.Controllers.PersonControllerTests.Delete_Post_ReturnsRedirectToActionResult_AfterDeletingPerson","ExecutorUri":"executor://xunit/VsTestRunner2/netcoreapp","Source":"C:\\Users\\Admin\\source\\repos\\ASPNETAssignment1\\BusinessTest\\bin\\Debug\\net8.0\\fine-code-coverage\\build-output\\ASPNETAssignment1.Tests.dll","CodeFilePath":null,"LineNumber":0,"Properties":[]},"Attachments":[],"Outcome":1,"ErrorMessage":null,"ErrorStackTrace":null,"DisplayName":"ASPNETAssignment1.WebApp.Tests.Controllers.PersonControllerTests.Delete_Post_ReturnsRedirectToActionResult_AfterDeletingPerson","Messages":[],"ComputerName":"DESKTOP-PB0A02F","Duration":"00:00:00.0012849","StartTime":"2024-05-16T15:19:00.0069508+00:00","EndTime":"2024-05-16T15:19:00.006951+00:00","Properties":[]},{"TestCase":{"Id":"2e1d66f4-12d4-6505-4ee1-cea05edd2c51","FullyQualifiedName":"ASPNETAssignment1.WebApp.Tests.Controllers.PersonControllerTests.FullNames_ReturnsViewResult_WithListOfFullNames","DisplayName":"ASPNETAssignment1.WebApp.Tests.Controllers.PersonControllerTests.FullNames_ReturnsViewResult_WithListOfFullNames","ExecutorUri":"executor://xunit/VsTestRunner2/netcoreapp","Source":"C:\\Users\\Admin\\source\\repos\\ASPNETAssignment1\\BusinessTest\\bin\\Debug\\net8.0\\fine-code-coverage\\build-output\\ASPNETAssignment1.Tests.dll","CodeFilePath":null,"LineNumber":0,"Properties":[]},"Attachments":[],"Outcome":1,"ErrorMessage":null,"ErrorStackTrace":null,"DisplayName":"ASPNETAssignment1.WebApp.Tests.Controllers.PersonControllerTests.FullNames_ReturnsViewResult_WithListOfFullNames","Messages":[],"ComputerName":"DESKTOP-PB0A02F","Duration":"00:00:00.0011325","StartTime":"2024-05-16T15:19:00.0098942+00:00","EndTime":"2024-05-16T15:19:00.0098944+00:00","Properties":[]},{"TestCase":{"Id":"afad1676-c5fe-a23b-45b1-c6a78dc52d98","FullyQualifiedName":"ASPNETAssignment1.WebApp.Tests.Controllers.PersonControllerTests.Edit_Post_ReturnsViewResult_WhenModelStateIsInvalid","DisplayName":"ASPNETAssignment1.WebApp.Tests.Controllers.PersonControllerTests.Edit_Post_ReturnsViewResult_WhenModelStateIsInvalid","ExecutorUri":"executor://xunit/VsTestRunner2/netcoreapp","Source":"C:\\Users\\Admin\\source\\repos\\ASPNETAssignment1\\BusinessTest\\bin\\Debug\\net8.0\\fine-code-coverage\\build-output\\ASPNETAssignment1.Tests.dll","CodeFilePath":null,"LineNumber":0,"Properties":[]},"Attachments":[],"Outcome":1,"ErrorMessage":null,"ErrorStackTrace":null,"DisplayName":"ASPNETAssignment1.WebApp.Tests.Controllers.PersonControllerTests.Edit_Post_ReturnsViewResult_WhenModelStateIsInvalid","Messages":[],"ComputerName":"DESKTOP-PB0A02F","Duration":"00:00:00.0010714","StartTime":"2024-05-16T15:19:00.0124754+00:00","EndTime":"2024-05-16T15:19:00.0124755+00:00","Properties":[]},{"TestCase":{"Id":"099b76d4-ad6a-5193-ae79-9623caf727e0","FullyQualifiedName":"ASPNETAssignment1.WebApp.Tests.Controllers.PersonControllerTests.Edit_ReturnsNotFoundResult_WhenPersonIsNull","DisplayName":"ASPNETAssignment1.WebApp.Tests.Controllers.PersonControllerTests.Edit_ReturnsNotFoundResult_WhenPersonIsNull","ExecutorUri":"executor://xunit/VsTestRunner2/netcoreapp","Source":"C:\\Users\\Admin\\source\\repos\\ASPNETAssignment1\\BusinessTest\\bin\\Debug\\net8.0\\fine-code-coverage\\build-output\\ASPNETAssignment1.Tests.dll","CodeFilePath":null,"LineNumber":0,"Properties":[]},"Attachments":[],"Outcome":1,"ErrorMessage":null,"ErrorStackTrace":null,"DisplayName":"ASPNETAssignment1.WebApp.Tests.Controllers.PersonControllerTests.Edit_ReturnsNotFoundResult_WhenPersonIsNull","Messages":[],"ComputerName":"DESKTOP-PB0A02F","Duration":"00:00:00.0006045","StartTime":"2024-05-16T15:19:00.0150176+00:00","EndTime":"2024-05-16T15:19:00.0150179+00:00","Properties":[]},{"TestCase":{"Id":"a2b2dbab-d31d-d702-d261-177a7909e60c","FullyQualifiedName":"ASPNETAssignment1.WebApp.Tests.Controllers.PersonControllerTests.Delete_ReturnsNotFoundResult_WhenPersonIsNull","DisplayName":"ASPNETAssignment1.WebApp.Tests.Controllers.PersonControllerTests.Delete_ReturnsNotFoundResult_WhenPersonIsNull","ExecutorUri":"executor://xunit/VsTestRunner2/netcoreapp","Source":"C:\\Users\\Admin\\source\\repos\\ASPNETAssignment1\\BusinessTest\\bin\\Debug\\net8.0\\fine-code-coverage\\build-output\\ASPNETAssignment1.Tests.dll","CodeFilePath":null,"LineNumber":0,"Properties":[]},"Attachments":[],"Outcome":1,"ErrorMessage":null,"ErrorStackTrace":null,"DisplayName":"ASPNETAssignment1.WebApp.Tests.Controllers.PersonControllerTests.Delete_ReturnsNotFoundResult_WhenPersonIsNull","Messages":[],"ComputerName":"DESKTOP-PB0A02F","Duration":"00:00:00.0004551","StartTime":"2024-05-16T15:19:00.0178286+00:00","EndTime":"2024-05-16T15:19:00.0178289+00:00","Properties":[]},{"TestCase":{"Id":"0b34567d-75e5-0e65-8d02-904e429231be","FullyQualifiedName":"ASPNETAssignment1.WebApp.Tests.Controllers.PersonControllerTests.Create_Post_ReturnsViewResult_WhenModelStateIsInvalid","DisplayName":"ASPNETAssignment1.WebApp.Tests.Controllers.PersonControllerTests.Create_Post_ReturnsViewResult_WhenModelStateIsInvalid","ExecutorUri":"executor://xunit/VsTestRunner2/netcoreapp","Source":"C:\\Users\\Admin\\source\\repos\\ASPNETAssignment1\\BusinessTest\\bin\\Debug\\net8.0\\fine-code-coverage\\build-output\\ASPNETAssignment1.Tests.dll","CodeFilePath":null,"LineNumber":0,"Properties":[]},"Attachments":[],"Outcome":1,"ErrorMessage":null,"ErrorStackTrace":null,"DisplayName":"ASPNETAssignment1.WebApp.Tests.Controllers.PersonControllerTests.Create_Post_ReturnsViewResult_WhenModelStateIsInvalid","Messages":[],"ComputerName":"DESKTOP-PB0A02F","Duration":"00:00:00.0002741","StartTime":"2024-05-16T15:19:00.0206594+00:00","EndTime":"2024-05-16T15:19:00.0206596+00:00","Properties":[]},{"TestCase":{"Id":"3cea97ca-d3de-f3a6-3614-13b96627970e","FullyQualifiedName":"ASPNETAssignment1.WebApp.Tests.Controllers.PersonControllerTests.Edit_Post_ReturnsBadRequest_WhenIdDoesNotMatchPersonId","DisplayName":"ASPNETAssignment1.WebApp.Tests.Controllers.PersonControllerTests.Edit_Post_ReturnsBadRequest_WhenIdDoesNotMatchPersonId","ExecutorUri":"executor://xunit/VsTestRunner2/netcoreapp","Source":"C:\\Users\\Admin\\source\\repos\\ASPNETAssignment1\\BusinessTest\\bin\\Debug\\net8.0\\fine-code-coverage\\build-output\\ASPNETAssignment1.Tests.dll","CodeFilePath":null,"LineNumber":0,"Properties":[]},"Attachments":[],"Outcome":1,"ErrorMessage":null,"ErrorStackTrace":null,"DisplayName":"ASPNETAssignment1.WebApp.Tests.Controllers.PersonControllerTests.Edit_Post_ReturnsBadRequest_WhenIdDoesNotMatchPersonId","Messages":[],"ComputerName":"DESKTOP-PB0A02F","Duration":"00:00:00.0001745","StartTime":"2024-05-16T15:19:00.0234905+00:00","EndTime":"2024-05-16T15:19:00.0234908+00:00","Properties":[]},{"TestCase":{"Id":"bbf4ac4e-1853-947c-b978-440888891d87","FullyQualifiedName":"ASPNETAssignment1.WebApp.Tests.Controllers.PersonControllerTests.MalePerson_ReturnsViewResult_WithListOfMalePersons","DisplayName":"ASPNETAssignment1.WebApp.Tests.Controllers.PersonControllerTests.MalePerson_ReturnsViewResult_WithListOfMalePersons","ExecutorUri":"executor://xunit/VsTestRunner2/netcoreapp","Source":"C:\\Users\\Admin\\source\\repos\\ASPNETAssignment1\\BusinessTest\\bin\\Debug\\net8.0\\fine-code-coverage\\build-output\\ASPNETAssignment1.Tests.dll","CodeFilePath":null,"LineNumber":0,"Properties":[]},"Attachments":[],"Outcome":1,"ErrorMessage":null,"ErrorStackTrace":null,"DisplayName":"ASPNETAssignment1.WebApp.Tests.Controllers.PersonControllerTests.MalePerson_ReturnsViewResult_WithListOfMalePersons","Messages":[],"ComputerName":"DESKTOP-PB0A02F","Duration":"00:00:00.0006738","StartTime":"2024-05-16T15:19:00.0260452+00:00","EndTime":"2024-05-16T15:19:00.0260455+00:00","Properties":[]},{"TestCase":{"Id":"964e9a2e-6db9-f090-4a36-9e20fd56bfc9","FullyQualifiedName":"ASPNETAssignment1.WebApp.Tests.Controllers.PersonControllerTests.Delete_ReturnsViewResult_WithPerson","DisplayName":"ASPNETAssignment1.WebApp.Tests.Controllers.PersonControllerTests.Delete_ReturnsViewResult_WithPerson","ExecutorUri":"executor://xunit/VsTestRunner2/netcoreapp","Source":"C:\\Users\\Admin\\source\\repos\\ASPNETAssignment1\\BusinessTest\\bin\\Debug\\net8.0\\fine-code-coverage\\build-output\\ASPNETAssignment1.Tests.dll","CodeFilePath":null,"LineNumber":0,"Properties":[]},"Attachments":[],"Outcome":1,"ErrorMessage":null,"ErrorStackTrace":null,"DisplayName":"ASPNETAssignment1.WebApp.Tests.Controllers.PersonControllerTests.Delete_ReturnsViewResult_WithPerson","Messages":[],"ComputerName":"DESKTOP-PB0A02F","Duration":"00:00:00.0004424","StartTime":"2024-05-16T15:19:00.028572+00:00","EndTime":"2024-05-16T15:19:00.0285721+00:00","Properties":[]}],"TestRunStatistics":{"ExecutedTests":17,"Stats":{"Passed":17}},"ActiveTests":[{"Id":"601124a7-bb54-4c0e-cc59-057700278077","FullyQualifiedName":"ASPNETAssignment1.WebApp.Tests.Controllers.PersonControllerTests.ExportToExcel_ReturnsFileStreamResult","DisplayName":"ASPNETAssignment1.WebApp.Tests.Controllers.PersonControllerTests.ExportToExcel_ReturnsFileStreamResult","ExecutorUri":"executor://xunit/VsTestRunner2/netcoreapp","Source":"C:\\Users\\Admin\\source\\repos\\ASPNETAssignment1\\BusinessTest\\bin\\Debug\\net8.0\\fine-code-coverage\\build-output\\ASPNETAssignment1.Tests.dll","CodeFilePath":null,"LineNumber":0,"Properties":[]}]}}
TpTrace Verbose: 0 : 14188, 7, 2024/05/16, 22:19:00.041, 5522424677095, vstest.console.dll, TestRunRequest:SendTestRunStatsChange: Starting.
TpTrace Verbose: 0 : 14188, 7, 2024/05/16, 22:19:00.041, 5522424678033, vstest.console.dll, InProgress is ASPNETAssignment1.WebApp.Tests.Controllers.PersonControllerTests.ExportToExcel_ReturnsFileStreamResult
TpTrace Verbose: 0 : 14188, 7, 2024/05/16, 22:19:00.041, 5522424678871, vstest.console.dll, MulticastDelegateUtilities.SafeInvoke: TestRun.RunStatsChanged: Invoking callbacks was skipped because there are no subscribers.
TpTrace Information: 0 : 14188, 7, 2024/05/16, 22:19:00.041, 5522424679294, vstest.console.dll, TestRunRequest:SendTestRunStatsChange: Completed.
TpTrace Verbose: 0 : 14188, 4, 2024/05/16, 22:19:00.041, 5522424679512, vstest.console.dll, MulticastDelegateUtilities.SafeInvoke: InternalTestLoggerEvents.SendTestResult: Invoking callback 1/1 for Microsoft.VisualStudio.TestPlatform.CommandLine.Internal.ConsoleLogger., took 0 ms.
TpTrace Verbose: 0 : 14188, 7, 2024/05/16, 22:19:00.041, 5522424679735, vstest.console.dll, MulticastDelegateUtilities.SafeInvoke: LengthPrefixCommunicationChannel: MessageReceived: Invoking callback 1/1 for Microsoft.VisualStudio.TestPlatform.CommunicationUtilities.TestRequestSender+<>c__DisplayClass34_0., took 1 ms.
TpTrace Verbose: 0 : 14188, 4, 2024/05/16, 22:19:00.041, 5522424680688, vstest.console.dll, MulticastDelegateUtilities.SafeInvoke: InternalTestLoggerEvents.SendTestResult: Invoking callback 1/1 for Microsoft.VisualStudio.TestPlatform.CommandLine.Internal.ConsoleLogger., took 0 ms.
TpTrace Verbose: 0 : 14188, 7, 2024/05/16, 22:19:00.041, 5522424680859, vstest.console.dll, TcpClientExtensions.MessageLoopAsync: Polling on remoteEndPoint: 127.0.0.1:49283 localEndPoint: 127.0.0.1:49282 after 9 ms
TpTrace Verbose: 0 : 14188, 4, 2024/05/16, 22:19:00.041, 5522424681442, vstest.console.dll, MulticastDelegateUtilities.SafeInvoke: InternalTestLoggerEvents.SendTestResult: Invoking callback 1/1 for Microsoft.VisualStudio.TestPlatform.CommandLine.Internal.ConsoleLogger., took 0 ms.
TpTrace Verbose: 0 : 14188, 4, 2024/05/16, 22:19:00.041, 5522424682524, vstest.console.dll, MulticastDelegateUtilities.SafeInvoke: InternalTestLoggerEvents.SendTestResult: Invoking callback 1/1 for Microsoft.VisualStudio.TestPlatform.CommandLine.Internal.ConsoleLogger., took 0 ms.
TpTrace Verbose: 0 : 14188, 4, 2024/05/16, 22:19:00.041, 5522424683524, vstest.console.dll, MulticastDelegateUtilities.SafeInvoke: InternalTestLoggerEvents.SendTestResult: Invoking callback 1/1 for Microsoft.VisualStudio.TestPlatform.CommandLine.Internal.ConsoleLogger., took 0 ms.
TpTrace Verbose: 0 : 14188, 4, 2024/05/16, 22:19:00.041, 5522424684262, vstest.console.dll, MulticastDelegateUtilities.SafeInvoke: InternalTestLoggerEvents.SendTestResult: Invoking callback 1/1 for Microsoft.VisualStudio.TestPlatform.CommandLine.Internal.ConsoleLogger., took 0 ms.
TpTrace Verbose: 0 : 14188, 4, 2024/05/16, 22:19:00.041, 5522424684882, vstest.console.dll, MulticastDelegateUtilities.SafeInvoke: InternalTestLoggerEvents.SendTestResult: Invoking callback 1/1 for Microsoft.VisualStudio.TestPlatform.CommandLine.Internal.ConsoleLogger., took 0 ms.
TpTrace Verbose: 0 : 14188, 4, 2024/05/16, 22:19:00.041, 5522424685884, vstest.console.dll, MulticastDelegateUtilities.SafeInvoke: InternalTestLoggerEvents.SendTestResult: Invoking callback 1/1 for Microsoft.VisualStudio.TestPlatform.CommandLine.Internal.ConsoleLogger., took 0 ms.
TpTrace Verbose: 0 : 14188, 4, 2024/05/16, 22:19:00.041, 5522424686597, vstest.console.dll, MulticastDelegateUtilities.SafeInvoke: InternalTestLoggerEvents.SendTestResult: Invoking callback 1/1 for Microsoft.VisualStudio.TestPlatform.CommandLine.Internal.ConsoleLogger., took 0 ms.
TpTrace Verbose: 0 : 14188, 7, 2024/05/16, 22:19:00.394, 5522428207858, vstest.console.dll, TcpClientExtensions.MessageLoopAsync: NotifyDataAvailable remoteEndPoint: 127.0.0.1:49283 localEndPoint: 127.0.0.1:49282
TpTrace Verbose: 0 : 14188, 7, 2024/05/16, 22:19:00.394, 5522428210914, vstest.console.dll, TestRequestSender.OnExecutionMessageReceived: Received message: {"Version":7,"MessageType":"TestExecution.StatsChange","Payload":{"NewTestResults":[{"TestCase":{"Id":"601124a7-bb54-4c0e-cc59-057700278077","FullyQualifiedName":"ASPNETAssignment1.WebApp.Tests.Controllers.PersonControllerTests.ExportToExcel_ReturnsFileStreamResult","DisplayName":"ASPNETAssignment1.WebApp.Tests.Controllers.PersonControllerTests.ExportToExcel_ReturnsFileStreamResult","ExecutorUri":"executor://xunit/VsTestRunner2/netcoreapp","Source":"C:\\Users\\Admin\\source\\repos\\ASPNETAssignment1\\BusinessTest\\bin\\Debug\\net8.0\\fine-code-coverage\\build-output\\ASPNETAssignment1.Tests.dll","CodeFilePath":null,"LineNumber":0,"Properties":[]},"Attachments":[],"Outcome":1,"ErrorMessage":null,"ErrorStackTrace":null,"DisplayName":"ASPNETAssignment1.WebApp.Tests.Controllers.PersonControllerTests.ExportToExcel_ReturnsFileStreamResult","Messages":[],"ComputerName":"DESKTOP-PB0A02F","Duration":"00:00:00.0029960","StartTime":"2024-05-16T15:19:00.0404633+00:00","EndTime":"2024-05-16T15:19:00.0404634+00:00","Properties":[]},{"TestCase":{"Id":"3991bd78-953a-81ed-9228-7c083da834c6","FullyQualifiedName":"ASPNETAssignment1.WebApp.Tests.Controllers.PersonControllerTests.Details_ReturnsViewResult_WithPerson","DisplayName":"ASPNETAssignment1.WebApp.Tests.Controllers.PersonControllerTests.Details_ReturnsViewResult_WithPerson","ExecutorUri":"executor://xunit/VsTestRunner2/netcoreapp","Source":"C:\\Users\\Admin\\source\\repos\\ASPNETAssignment1\\BusinessTest\\bin\\Debug\\net8.0\\fine-code-coverage\\build-output\\ASPNETAssignment1.Tests.dll","CodeFilePath":null,"LineNumber":0,"Properties":[]},"Attachments":[],"Outcome":1,"ErrorMessage":null,"ErrorStackTrace":null,"DisplayName":"ASPNETAssignment1.WebApp.Tests.Controllers.PersonControllerTests.Details_ReturnsViewResult_WithPerson","Messages":[],"ComputerName":"DESKTOP-PB0A02F","Duration":"00:00:00.0007034","StartTime":"2024-05-16T15:19:00.04306+00:00","EndTime":"2024-05-16T15:19:00.0430602+00:00","Properties":[]},{"TestCase":{"Id":"449956c6-3f0f-bc5d-ac36-6de3bd40c39c","FullyQualifiedName":"ASPNETAssignment1.WebApp.Tests.Controllers.PersonControllerTests.FilterByBirthYear_ReturnsViewResult_WithFilteredPeople","DisplayName":"ASPNETAssignment1.WebApp.Tests.Controllers.PersonControllerTests.FilterByBirthYear_ReturnsViewResult_WithFilteredPeople","ExecutorUri":"executor://xunit/VsTestRunner2/netcoreapp","Source":"C:\\Users\\Admin\\source\\repos\\ASPNETAssignment1\\BusinessTest\\bin\\Debug\\net8.0\\fine-code-coverage\\build-output\\ASPNETAssignment1.Tests.dll","CodeFilePath":null,"LineNumber":0,"Properties":[]},"Attachments":[],"Outcome":1,"ErrorMessage":null,"ErrorStackTrace":null,"DisplayName":"ASPNETAssignment1.WebApp.Tests.Controllers.PersonControllerTests.FilterByBirthYear_ReturnsViewResult_WithFilteredPeople","Messages":[],"ComputerName":"DESKTOP-PB0A02F","Duration":"00:00:00.0022361","StartTime":"2024-05-16T15:19:00.0454899+00:00","EndTime":"2024-05-16T15:19:00.04549+00:00","Properties":[]},{"TestCase":{"Id":"55b1c448-1ae8-bb59-ba46-41fce83b3427","FullyQualifiedName":"ASPNETAssignment1.WebApp.Tests.Controllers.PersonControllerTests.Edit_ReturnsViewResult_WithPerson","DisplayName":"ASPNETAssignment1.WebApp.Tests.Controllers.PersonControllerTests.Edit_ReturnsViewResult_WithPerson","ExecutorUri":"executor://xunit/VsTestRunner2/netcoreapp","Source":"C:\\Users\\Admin\\source\\repos\\ASPNETAssignment1\\BusinessTest\\bin\\Debug\\net8.0\\fine-code-coverage\\build-output\\ASPNETAssignment1.Tests.dll","CodeFilePath":null,"LineNumber":0,"Properties":[]},"Attachments":[],"Outcome":1,"ErrorMessage":null,"ErrorStackTrace":null,"DisplayName":"ASPNETAssignment1.WebApp.Tests.Controllers.PersonControllerTests.Edit_ReturnsViewResult_WithPerson","Messages":[],"ComputerName":"DESKTOP-PB0A02F","Duration":"00:00:00.0004996","StartTime":"2024-05-16T15:19:00.0479395+00:00","EndTime":"2024-05-16T15:19:00.0479396+00:00","Properties":[]},{"TestCase":{"Id":"3721d531-15d5-cafe-a964-a393cd10693f","FullyQualifiedName":"ASPNETAssignment1.Tests.Services.PersonBusinessLogicTests.ExportToExcel_ReturnsFileStreamResult","DisplayName":"ASPNETAssignment1.Tests.Services.PersonBusinessLogicTests.ExportToExcel_ReturnsFileStreamResult","ExecutorUri":"executor://xunit/VsTestRunner2/netcoreapp","Source":"C:\\Users\\Admin\\source\\repos\\ASPNETAssignment1\\BusinessTest\\bin\\Debug\\net8.0\\fine-code-coverage\\build-output\\ASPNETAssignment1.Tests.dll","CodeFilePath":null,"LineNumber":0,"Properties":[]},"Attachments":[],"Outcome":1,"ErrorMessage":null,"ErrorStackTrace":null,"DisplayName":"ASPNETAssignment1.Tests.Services.PersonBusinessLogicTests.ExportToExcel_ReturnsFileStreamResult","Messages":[],"ComputerName":"DESKTOP-PB0A02F","Duration":"00:00:00.4632329","StartTime":"2024-05-16T15:19:00.3727176+00:00","EndTime":"2024-05-16T15:19:00.3727179+00:00","Properties":[]},{"TestCase":{"Id":"a09af8e1-f1f2-0870-b881-0172ea5d8218","FullyQualifiedName":"ASPNETAssignment1.Tests.Services.PersonBusinessLogicTests.FilterByBirthYear_ReturnsFilteredPeople","DisplayName":"ASPNETAssignment1.Tests.Services.PersonBusinessLogicTests.FilterByBirthYear_ReturnsFilteredPeople","ExecutorUri":"executor://xunit/VsTestRunner2/netcoreapp","Source":"C:\\Users\\Admin\\source\\repos\\ASPNETAssignment1\\BusinessTest\\bin\\Debug\\net8.0\\fine-code-coverage\\build-output\\ASPNETAssignment1.Tests.dll","CodeFilePath":null,"LineNumber":0,"Properties":[]},"Attachments":[],"Outcome":1,"ErrorMessage":null,"ErrorStackTrace":null,"DisplayName":"ASPNETAssignment1.Tests.Services.PersonBusinessLogicTests.FilterByBirthYear_ReturnsFilteredPeople","Messages":[],"ComputerName":"DESKTOP-PB0A02F","Duration":"00:00:00.0036414","StartTime":"2024-05-16T15:19:00.3780458+00:00","EndTime":"2024-05-16T15:19:00.3780461+00:00","Properties":[]},{"TestCase":{"Id":"9d0d458d-a0c8-b937-dad7-eef0178f81ab","FullyQualifiedName":"ASPNETAssignment1.Tests.Services.PersonBusinessLogicTests.GetPersonById_ReturnsPerson","DisplayName":"ASPNETAssignment1.Tests.Services.PersonBusinessLogicTests.GetPersonById_ReturnsPerson","ExecutorUri":"executor://xunit/VsTestRunner2/netcoreapp","Source":"C:\\Users\\Admin\\source\\repos\\ASPNETAssignment1\\BusinessTest\\bin\\Debug\\net8.0\\fine-code-coverage\\build-output\\ASPNETAssignment1.Tests.dll","CodeFilePath":null,"LineNumber":0,"Properties":[]},"Attachments":[],"Outcome":1,"ErrorMessage":null,"ErrorStackTrace":null,"DisplayName":"ASPNETAssignment1.Tests.Services.PersonBusinessLogicTests.GetPersonById_ReturnsPerson","Messages":[],"ComputerName":"DESKTOP-PB0A02F","Duration":"00:00:00.0011162","StartTime":"2024-05-16T15:19:00.3811038+00:00","EndTime":"2024-05-16T15:19:00.381104+00:00","Properties":[]},{"TestCase":{"Id":"12f10ce9-a995-c468-4141-f98d58c30615","FullyQualifiedName":"ASPNETAssignment1.Tests.Services.PersonBusinessLogicTests.DeletePerson_DeletesPerson","DisplayName":"ASPNETAssignment1.Tests.Services.PersonBusinessLogicTests.DeletePerson_DeletesPerson","ExecutorUri":"executor://xunit/VsTestRunner2/netcoreapp","Source":"C:\\Users\\Admin\\source\\repos\\ASPNETAssignment1\\BusinessTest\\bin\\Debug\\net8.0\\fine-code-coverage\\build-output\\ASPNETAssignment1.Tests.dll","CodeFilePath":null,"LineNumber":0,"Properties":[]},"Attachments":[],"Outcome":1,"ErrorMessage":null,"ErrorStackTrace":null,"DisplayName":"ASPNETAssignment1.Tests.Services.PersonBusinessLogicTests.DeletePerson_DeletesPerson","Messages":[],"ComputerName":"DESKTOP-PB0A02F","Duration":"00:00:00.0064802","StartTime":"2024-05-16T15:19:00.3858566+00:00","EndTime":"2024-05-16T15:19:00.3858569+00:00","Properties":[]},{"TestCase":{"Id":"6f08c7df-7b08-6f66-335a-94e36610bed6","FullyQualifiedName":"ASPNETAssignment1.Tests.Services.PersonBusinessLogicTests.GetAll_ReturnsAllPersons","DisplayName":"ASPNETAssignment1.Tests.Services.PersonBusinessLogicTests.GetAll_ReturnsAllPersons","ExecutorUri":"executor://xunit/VsTestRunner2/netcoreapp","Source":"C:\\Users\\Admin\\source\\repos\\ASPNETAssignment1\\BusinessTest\\bin\\Debug\\net8.0\\fine-code-coverage\\build-output\\ASPNETAssignment1.Tests.dll","CodeFilePath":null,"LineNumber":0,"Properties":[]},"Attachments":[],"Outcome":1,"ErrorMessage":null,"ErrorStackTrace":null,"DisplayName":"ASPNETAssignment1.Tests.Services.PersonBusinessLogicTests.GetAll_ReturnsAllPersons","Messages":[],"ComputerName":"DESKTOP-PB0A02F","Duration":"00:00:00.0060065","StartTime":"2024-05-16T15:19:00.3919507+00:00","EndTime":"2024-05-16T15:19:00.3919509+00:00","Properties":[]}],"TestRunStatistics":{"ExecutedTests":26,"Stats":{"Passed":26}},"ActiveTests":[{"Id":"348317d1-f3a0-595b-18d1-4e268e3190e5","FullyQualifiedName":"ASPNETAssignment1.Tests.Services.PersonBusinessLogicTests.GetOldestPerson_ReturnsOldestPerson","DisplayName":"ASPNETAssignment1.Tests.Services.PersonBusinessLogicTests.GetOldestPerson_ReturnsOldestPerson","ExecutorUri":"executor://xunit/VsTestRunner2/netcoreapp","Source":"C:\\Users\\Admin\\source\\repos\\ASPNETAssignment1\\BusinessTest\\bin\\Debug\\net8.0\\fine-code-coverage\\build-output\\ASPNETAssignment1.Tests.dll","CodeFilePath":null,"LineNumber":0,"Properties":[]}]}}
TpTrace Verbose: 0 : 14188, 7, 2024/05/16, 22:19:00.395, 5522428219687, vstest.console.dll, TestRunRequest:SendTestRunStatsChange: Starting.
TpTrace Verbose: 0 : 14188, 7, 2024/05/16, 22:19:00.395, 5522428220493, vstest.console.dll, InProgress is ASPNETAssignment1.Tests.Services.PersonBusinessLogicTests.GetOldestPerson_ReturnsOldestPerson
TpTrace Verbose: 0 : 14188, 7, 2024/05/16, 22:19:00.395, 5522428221330, vstest.console.dll, MulticastDelegateUtilities.SafeInvoke: TestRun.RunStatsChanged: Invoking callbacks was skipped because there are no subscribers.
TpTrace Information: 0 : 14188, 7, 2024/05/16, 22:19:00.395, 5522428221734, vstest.console.dll, TestRunRequest:SendTestRunStatsChange: Completed.
TpTrace Verbose: 0 : 14188, 4, 2024/05/16, 22:19:00.395, 5522428221826, vstest.console.dll, MulticastDelegateUtilities.SafeInvoke: InternalTestLoggerEvents.SendTestResult: Invoking callback 1/1 for Microsoft.VisualStudio.TestPlatform.CommandLine.Internal.ConsoleLogger., took 0 ms.
TpTrace Verbose: 0 : 14188, 7, 2024/05/16, 22:19:00.395, 5522428222194, vstest.console.dll, MulticastDelegateUtilities.SafeInvoke: LengthPrefixCommunicationChannel: MessageReceived: Invoking callback 1/1 for Microsoft.VisualStudio.TestPlatform.CommunicationUtilities.TestRequestSender+<>c__DisplayClass34_0., took 1 ms.
TpTrace Verbose: 0 : 14188, 4, 2024/05/16, 22:19:00.395, 5522428223197, vstest.console.dll, MulticastDelegateUtilities.SafeInvoke: InternalTestLoggerEvents.SendTestResult: Invoking callback 1/1 for Microsoft.VisualStudio.TestPlatform.CommandLine.Internal.ConsoleLogger., took 0 ms.
TpTrace Verbose: 0 : 14188, 7, 2024/05/16, 22:19:00.395, 5522428223495, vstest.console.dll, TcpClientExtensions.MessageLoopAsync: Polling on remoteEndPoint: 127.0.0.1:49283 localEndPoint: 127.0.0.1:49282 after 354 ms
TpTrace Verbose: 0 : 14188, 4, 2024/05/16, 22:19:00.395, 5522428224045, vstest.console.dll, MulticastDelegateUtilities.SafeInvoke: InternalTestLoggerEvents.SendTestResult: Invoking callback 1/1 for Microsoft.VisualStudio.TestPlatform.CommandLine.Internal.ConsoleLogger., took 0 ms.
TpTrace Verbose: 0 : 14188, 4, 2024/05/16, 22:19:00.396, 5522428236816, vstest.console.dll, MulticastDelegateUtilities.SafeInvoke: InternalTestLoggerEvents.SendTestResult: Invoking callback 1/1 for Microsoft.VisualStudio.TestPlatform.CommandLine.Internal.ConsoleLogger., took 1 ms.
TpTrace Verbose: 0 : 14188, 4, 2024/05/16, 22:19:00.397, 5522428238185, vstest.console.dll, MulticastDelegateUtilities.SafeInvoke: InternalTestLoggerEvents.SendTestResult: Invoking callback 1/1 for Microsoft.VisualStudio.TestPlatform.CommandLine.Internal.ConsoleLogger., took 0 ms.
TpTrace Verbose: 0 : 14188, 4, 2024/05/16, 22:19:00.397, 5522428238918, vstest.console.dll, MulticastDelegateUtilities.SafeInvoke: InternalTestLoggerEvents.SendTestResult: Invoking callback 1/1 for Microsoft.VisualStudio.TestPlatform.CommandLine.Internal.ConsoleLogger., took 0 ms.
TpTrace Verbose: 0 : 14188, 4, 2024/05/16, 22:19:00.397, 5522428239656, vstest.console.dll, MulticastDelegateUtilities.SafeInvoke: InternalTestLoggerEvents.SendTestResult: Invoking callback 1/1 for Microsoft.VisualStudio.TestPlatform.CommandLine.Internal.ConsoleLogger., took 0 ms.
TpTrace Verbose: 0 : 14188, 4, 2024/05/16, 22:19:00.397, 5522428240308, vstest.console.dll, MulticastDelegateUtilities.SafeInvoke: InternalTestLoggerEvents.SendTestResult: Invoking callback 1/1 for Microsoft.VisualStudio.TestPlatform.CommandLine.Internal.ConsoleLogger., took 0 ms.
TpTrace Verbose: 0 : 14188, 4, 2024/05/16, 22:19:00.397, 5522428240942, vstest.console.dll, MulticastDelegateUtilities.SafeInvoke: InternalTestLoggerEvents.SendTestResult: Invoking callback 1/1 for Microsoft.VisualStudio.TestPlatform.CommandLine.Internal.ConsoleLogger., took 0 ms.
TpTrace Verbose: 0 : 14188, 7, 2024/05/16, 22:19:00.414, 5522428413860, vstest.console.dll, TcpClientExtensions.MessageLoopAsync: NotifyDataAvailable remoteEndPoint: 127.0.0.1:49283 localEndPoint: 127.0.0.1:49282
TpTrace Verbose: 0 : 14188, 7, 2024/05/16, 22:19:00.414, 5522428416241, vstest.console.dll, TestRequestSender.OnExecutionMessageReceived: Received message: {"Version":7,"MessageType":"TestExecution.StatsChange","Payload":{"NewTestResults":[{"TestCase":{"Id":"348317d1-f3a0-595b-18d1-4e268e3190e5","FullyQualifiedName":"ASPNETAssignment1.Tests.Services.PersonBusinessLogicTests.GetOldestPerson_ReturnsOldestPerson","DisplayName":"ASPNETAssignment1.Tests.Services.PersonBusinessLogicTests.GetOldestPerson_ReturnsOldestPerson","ExecutorUri":"executor://xunit/VsTestRunner2/netcoreapp","Source":"C:\\Users\\Admin\\source\\repos\\ASPNETAssignment1\\BusinessTest\\bin\\Debug\\net8.0\\fine-code-coverage\\build-output\\ASPNETAssignment1.Tests.dll","CodeFilePath":null,"LineNumber":0,"Properties":[]},"Attachments":[],"Outcome":1,"ErrorMessage":null,"ErrorStackTrace":null,"DisplayName":"ASPNETAssignment1.Tests.Services.PersonBusinessLogicTests.GetOldestPerson_ReturnsOldestPerson","Messages":[],"ComputerName":"DESKTOP-PB0A02F","Duration":"00:00:00.0007182","StartTime":"2024-05-16T15:19:00.3951697+00:00","EndTime":"2024-05-16T15:19:00.3951699+00:00","Properties":[]},{"TestCase":{"Id":"d3d0ee6f-604c-5738-3573-bd956f86319e","FullyQualifiedName":"ASPNETAssignment1.Tests.Services.PersonBusinessLogicTests.IsContainAllDigit_ReturnsFalse_IfStringDoesNotContainOnlyDigits","DisplayName":"ASPNETAssignment1.Tests.Services.PersonBusinessLogicTests.IsContainAllDigit_ReturnsFalse_IfStringDoesNotContainOnlyDigits","ExecutorUri":"executor://xunit/VsTestRunner2/netcoreapp","Source":"C:\\Users\\Admin\\source\\repos\\ASPNETAssignment1\\BusinessTest\\bin\\Debug\\net8.0\\fine-code-coverage\\build-output\\ASPNETAssignment1.Tests.dll","CodeFilePath":null,"LineNumber":0,"Properties":[]},"Attachments":[],"Outcome":1,"ErrorMessage":null,"ErrorStackTrace":null,"DisplayName":"ASPNETAssignment1.Tests.Services.PersonBusinessLogicTests.IsContainAllDigit_ReturnsFalse_IfStringDoesNotContainOnlyDigits","Messages":[],"ComputerName":"DESKTOP-PB0A02F","Duration":"00:00:00.0004231","StartTime":"2024-05-16T15:19:00.3981076+00:00","EndTime":"2024-05-16T15:19:00.3981078+00:00","Properties":[]},{"TestCase":{"Id":"0e43aa34-f619-b713-b502-a46340dfcb41","FullyQualifiedName":"ASPNETAssignment1.Tests.Services.PersonBusinessLogicTests.IsContainAnyDigit_ReturnsTrue_IfStringContainsAnyDigit","DisplayName":"ASPNETAssignment1.Tests.Services.PersonBusinessLogicTests.IsContainAnyDigit_ReturnsTrue_IfStringContainsAnyDigit","ExecutorUri":"executor://xunit/VsTestRunner2/netcoreapp","Source":"C:\\Users\\Admin\\source\\repos\\ASPNETAssignment1\\BusinessTest\\bin\\Debug\\net8.0\\fine-code-coverage\\build-output\\ASPNETAssignment1.Tests.dll","CodeFilePath":null,"LineNumber":0,"Properties":[]},"Attachments":[],"Outcome":1,"ErrorMessage":null,"ErrorStackTrace":null,"DisplayName":"ASPNETAssignment1.Tests.Services.PersonBusinessLogicTests.IsContainAnyDigit_ReturnsTrue_IfStringContainsAnyDigit","Messages":[],"ComputerName":"DESKTOP-PB0A02F","Duration":"00:00:00.0002303","StartTime":"2024-05-16T15:19:00.400524+00:00","EndTime":"2024-05-16T15:19:00.4005242+00:00","Properties":[]},{"TestCase":{"Id":"5479a17d-e028-17fb-8b28-52649dc121b3","FullyQualifiedName":"ASPNETAssignment1.Tests.Services.PersonBusinessLogicTests.GetMalePersons_ReturnsMalePersons","DisplayName":"ASPNETAssignment1.Tests.Services.PersonBusinessLogicTests.GetMalePersons_ReturnsMalePersons","ExecutorUri":"executor://xunit/VsTestRunner2/netcoreapp","Source":"C:\\Users\\Admin\\source\\repos\\ASPNETAssignment1\\BusinessTest\\bin\\Debug\\net8.0\\fine-code-coverage\\build-output\\ASPNETAssignment1.Tests.dll","CodeFilePath":null,"LineNumber":0,"Properties":[]},"Attachments":[],"Outcome":1,"ErrorMessage":null,"ErrorStackTrace":null,"DisplayName":"ASPNETAssignment1.Tests.Services.PersonBusinessLogicTests.GetMalePersons_ReturnsMalePersons","Messages":[],"ComputerName":"DESKTOP-PB0A02F","Duration":"00:00:00.0007074","StartTime":"2024-05-16T15:19:00.4029889+00:00","EndTime":"2024-05-16T15:19:00.402989+00:00","Properties":[]},{"TestCase":{"Id":"6c9a90d8-1f11-8ddc-85e3-d2a00fd0116e","FullyQualifiedName":"ASPNETAssignment1.Tests.Services.PersonBusinessLogicTests.GetFullNames_ReturnsListOfFullNames","DisplayName":"ASPNETAssignment1.Tests.Services.PersonBusinessLogicTests.GetFullNames_ReturnsListOfFullNames","ExecutorUri":"executor://xunit/VsTestRunner2/netcoreapp","Source":"C:\\Users\\Admin\\source\\repos\\ASPNETAssignment1\\BusinessTest\\bin\\Debug\\net8.0\\fine-code-coverage\\build-output\\ASPNETAssignment1.Tests.dll","CodeFilePath":null,"LineNumber":0,"Properties":[]},"Attachments":[],"Outcome":1,"ErrorMessage":null,"ErrorStackTrace":null,"DisplayName":"ASPNETAssignment1.Tests.Services.PersonBusinessLogicTests.GetFullNames_ReturnsListOfFullNames","Messages":[],"ComputerName":"DESKTOP-PB0A02F","Duration":"00:00:00.0016558","StartTime":"2024-05-16T15:19:00.4049827+00:00","EndTime":"2024-05-16T15:19:00.4049829+00:00","Properties":[]},{"TestCase":{"Id":"cf001c5b-9df4-e36b-9594-8009fff30b48","FullyQualifiedName":"ASPNETAssignment1.Tests.Services.PersonBusinessLogicTests.IsContainAllDigit_ReturnsTrue_IfStringContainsOnlyDigits","DisplayName":"ASPNETAssignment1.Tests.Services.PersonBusinessLogicTests.IsContainAllDigit_ReturnsTrue_IfStringContainsOnlyDigits","ExecutorUri":"executor://xunit/VsTestRunner2/netcoreapp","Source":"C:\\Users\\Admin\\source\\repos\\ASPNETAssignment1\\BusinessTest\\bin\\Debug\\net8.0\\fine-code-coverage\\build-output\\ASPNETAssignment1.Tests.dll","CodeFilePath":null,"LineNumber":0,"Properties":[]},"Attachments":[],"Outcome":1,"ErrorMessage":null,"ErrorStackTrace":null,"DisplayName":"ASPNETAssignment1.Tests.Services.PersonBusinessLogicTests.IsContainAllDigit_ReturnsTrue_IfStringContainsOnlyDigits","Messages":[],"ComputerName":"DESKTOP-PB0A02F","Duration":"00:00:00.0001531","StartTime":"2024-05-16T15:19:00.4070833+00:00","EndTime":"2024-05-16T15:19:00.4070834+00:00","Properties":[]},{"TestCase":{"Id":"50f0621f-d213-9b9e-804c-4686d419476c","FullyQualifiedName":"ASPNETAssignment1.Tests.Services.PersonBusinessLogicTests.IsContainAnyDigit_ReturnsFalse_IfStringDoesNotContainAnyDigit","DisplayName":"ASPNETAssignment1.Tests.Services.PersonBusinessLogicTests.IsContainAnyDigit_ReturnsFalse_IfStringDoesNotContainAnyDigit","ExecutorUri":"executor://xunit/VsTestRunner2/netcoreapp","Source":"C:\\Users\\Admin\\source\\repos\\ASPNETAssignment1\\BusinessTest\\bin\\Debug\\net8.0\\fine-code-coverage\\build-output\\ASPNETAssignment1.Tests.dll","CodeFilePath":null,"LineNumber":0,"Properties":[]},"Attachments":[],"Outcome":1,"ErrorMessage":null,"ErrorStackTrace":null,"DisplayName":"ASPNETAssignment1.Tests.Services.PersonBusinessLogicTests.IsContainAnyDigit_ReturnsFalse_IfStringDoesNotContainAnyDigit","Messages":[],"ComputerName":"DESKTOP-PB0A02F","Duration":"00:00:00.0001098","StartTime":"2024-05-16T15:19:00.4090832+00:00","EndTime":"2024-05-16T15:19:00.4090833+00:00","Properties":[]},{"TestCase":{"Id":"f677f2f2-1e47-1ffd-fb49-819d59f52d94","FullyQualifiedName":"ASPNETAssignment1.Tests.Services.PersonBusinessLogicTests.UpdatePerson_UpdatesPerson","DisplayName":"ASPNETAssignment1.Tests.Services.PersonBusinessLogicTests.UpdatePerson_UpdatesPerson","ExecutorUri":"executor://xunit/VsTestRunner2/netcoreapp","Source":"C:\\Users\\Admin\\source\\repos\\ASPNETAssignment1\\BusinessTest\\bin\\Debug\\net8.0\\fine-code-coverage\\build-output\\ASPNETAssignment1.Tests.dll","CodeFilePath":null,"LineNumber":0,"Properties":[]},"Attachments":[],"Outcome":1,"ErrorMessage":null,"ErrorStackTrace":null,"DisplayName":"ASPNETAssignment1.Tests.Services.PersonBusinessLogicTests.UpdatePerson_UpdatesPerson","Messages":[],"ComputerName":"DESKTOP-PB0A02F","Duration":"00:00:00.0014949","StartTime":"2024-05-16T15:19:00.4110596+00:00","EndTime":"2024-05-16T15:19:00.4110597+00:00","Properties":[]},{"TestCase":{"Id":"7066a29e-3944-bb55-8e01-5c4281f5e00e","FullyQualifiedName":"ASPNETAssignment1.Tests.Services.PersonBusinessLogicTests.CreatePerson_CreatesPerson","DisplayName":"ASPNETAssignment1.Tests.Services.PersonBusinessLogicTests.CreatePerson_CreatesPerson","ExecutorUri":"executor://xunit/VsTestRunner2/netcoreapp","Source":"C:\\Users\\Admin\\source\\repos\\ASPNETAssignment1\\BusinessTest\\bin\\Debug\\net8.0\\fine-code-coverage\\build-output\\ASPNETAssignment1.Tests.dll","CodeFilePath":null,"LineNumber":0,"Properties":[]},"Attachments":[],"Outcome":1,"ErrorMessage":null,"ErrorStackTrace":null,"DisplayName":"ASPNETAssignment1.Tests.Services.PersonBusinessLogicTests.CreatePerson_CreatesPerson","Messages":[],"ComputerName":"DESKTOP-PB0A02F","Duration":"00:00:00.0010685","StartTime":"2024-05-16T15:19:00.4130461+00:00","EndTime":"2024-05-16T15:19:00.4130462+00:00","Properties":[]}],"TestRunStatistics":{"ExecutedTests":35,"Stats":{"Passed":35}},"ActiveTests":[{"Id":"d6eaec5a-5301-45ec-2263-56ba502c6284","FullyQualifiedName":"ASPNETAssignment1.Tests.Services.PersonBusinessLogicTests.IsUpperCaseFirstChar_ReturnsFalse_IfFirstCharIsNotUpperCase","DisplayName":"ASPNETAssignment1.Tests.Services.PersonBusinessLogicTests.IsUpperCaseFirstChar_ReturnsFalse_IfFirstCharIsNotUpperCase","ExecutorUri":"executor://xunit/VsTestRunner2/netcoreapp","Source":"C:\\Users\\Admin\\source\\repos\\ASPNETAssignment1\\BusinessTest\\bin\\Debug\\net8.0\\fine-code-coverage\\build-output\\ASPNETAssignment1.Tests.dll","CodeFilePath":null,"LineNumber":0,"Properties":[]}]}}
TpTrace Verbose: 0 : 14188, 7, 2024/05/16, 22:19:00.415, 5522428423467, vstest.console.dll, TestRunRequest:SendTestRunStatsChange: Starting.
TpTrace Verbose: 0 : 14188, 7, 2024/05/16, 22:19:00.415, 5522428424039, vstest.console.dll, InProgress is ASPNETAssignment1.Tests.Services.PersonBusinessLogicTests.IsUpperCaseFirstChar_ReturnsFalse_IfFirstCharIsNotUpperCase
TpTrace Verbose: 0 : 14188, 7, 2024/05/16, 22:19:00.415, 5522428424579, vstest.console.dll, MulticastDelegateUtilities.SafeInvoke: TestRun.RunStatsChanged: Invoking callbacks was skipped because there are no subscribers.
TpTrace Information: 0 : 14188, 7, 2024/05/16, 22:19:00.415, 5522428424899, vstest.console.dll, TestRunRequest:SendTestRunStatsChange: Completed.
TpTrace Verbose: 0 : 14188, 7, 2024/05/16, 22:19:00.415, 5522428425239, vstest.console.dll, MulticastDelegateUtilities.SafeInvoke: LengthPrefixCommunicationChannel: MessageReceived: Invoking callback 1/1 for Microsoft.VisualStudio.TestPlatform.CommunicationUtilities.TestRequestSender+<>c__DisplayClass34_0., took 0 ms.
TpTrace Verbose: 0 : 14188, 4, 2024/05/16, 22:19:00.415, 5522428425321, vstest.console.dll, MulticastDelegateUtilities.SafeInvoke: InternalTestLoggerEvents.SendTestResult: Invoking callback 1/1 for Microsoft.VisualStudio.TestPlatform.CommandLine.Internal.ConsoleLogger., took 0 ms.
TpTrace Verbose: 0 : 14188, 7, 2024/05/16, 22:19:00.415, 5522428425627, vstest.console.dll, TcpClientExtensions.MessageLoopAsync: Polling on remoteEndPoint: 127.0.0.1:49283 localEndPoint: 127.0.0.1:49282 after 20 ms
TpTrace Verbose: 0 : 14188, 4, 2024/05/16, 22:19:00.415, 5522428426447, vstest.console.dll, MulticastDelegateUtilities.SafeInvoke: InternalTestLoggerEvents.SendTestResult: Invoking callback 1/1 for Microsoft.VisualStudio.TestPlatform.CommandLine.Internal.ConsoleLogger., took 0 ms.
TpTrace Verbose: 0 : 14188, 4, 2024/05/16, 22:19:00.416, 5522428427129, vstest.console.dll, MulticastDelegateUtilities.SafeInvoke: InternalTestLoggerEvents.SendTestResult: Invoking callback 1/1 for Microsoft.VisualStudio.TestPlatform.CommandLine.Internal.ConsoleLogger., took 0 ms.
TpTrace Verbose: 0 : 14188, 4, 2024/05/16, 22:19:00.416, 5522428427639, vstest.console.dll, MulticastDelegateUtilities.SafeInvoke: InternalTestLoggerEvents.SendTestResult: Invoking callback 1/1 for Microsoft.VisualStudio.TestPlatform.CommandLine.Internal.ConsoleLogger., took 0 ms.
TpTrace Verbose: 0 : 14188, 4, 2024/05/16, 22:19:00.416, 5522428428137, vstest.console.dll, MulticastDelegateUtilities.SafeInvoke: InternalTestLoggerEvents.SendTestResult: Invoking callback 1/1 for Microsoft.VisualStudio.TestPlatform.CommandLine.Internal.ConsoleLogger., took 0 ms.
TpTrace Verbose: 0 : 14188, 4, 2024/05/16, 22:19:00.416, 5522428429472, vstest.console.dll, MulticastDelegateUtilities.SafeInvoke: InternalTestLoggerEvents.SendTestResult: Invoking callback 1/1 for Microsoft.VisualStudio.TestPlatform.CommandLine.Internal.ConsoleLogger., took 0 ms.
TpTrace Verbose: 0 : 14188, 4, 2024/05/16, 22:19:00.416, 5522428430034, vstest.console.dll, MulticastDelegateUtilities.SafeInvoke: InternalTestLoggerEvents.SendTestResult: Invoking callback 1/1 for Microsoft.VisualStudio.TestPlatform.CommandLine.Internal.ConsoleLogger., took 0 ms.
TpTrace Verbose: 0 : 14188, 4, 2024/05/16, 22:19:00.416, 5522428430938, vstest.console.dll, MulticastDelegateUtilities.SafeInvoke: InternalTestLoggerEvents.SendTestResult: Invoking callback 1/1 for Microsoft.VisualStudio.TestPlatform.CommandLine.Internal.ConsoleLogger., took 0 ms.
TpTrace Verbose: 0 : 14188, 4, 2024/05/16, 22:19:00.416, 5522428431487, vstest.console.dll, MulticastDelegateUtilities.SafeInvoke: InternalTestLoggerEvents.SendTestResult: Invoking callback 1/1 for Microsoft.VisualStudio.TestPlatform.CommandLine.Internal.ConsoleLogger., took 0 ms.
TpTrace Verbose: 0 : 14188, 7, 2024/05/16, 22:19:00.418, 5522428456897, vstest.console.dll, TcpClientExtensions.MessageLoopAsync: NotifyDataAvailable remoteEndPoint: 127.0.0.1:49283 localEndPoint: 127.0.0.1:49282
TpTrace Verbose: 0 : 14188, 7, 2024/05/16, 22:19:00.419, 5522428458076, vstest.console.dll, TestRequestSender.OnExecutionMessageReceived: Received message: {"Version":7,"MessageType":"TestSession.Message","Payload":{"MessageLevel":0,"Message":"[xUnit.net 00:00:00.77]   Finished:    ASPNETAssignment1.Tests"}}
TpTrace Verbose: 0 : 14188, 7, 2024/05/16, 22:19:00.419, 5522428459158, vstest.console.dll, TestRunRequest:SendTestRunMessage: Starting.
TpTrace Verbose: 0 : 14188, 7, 2024/05/16, 22:19:00.419, 5522428459743, vstest.console.dll, MulticastDelegateUtilities.SafeInvoke: TestRun.LogMessages: Invoking callback 1/1 for Microsoft.VisualStudio.TestPlatform.CommandLine.TestRunResultAggregator., took 0 ms.
TpTrace Information: 0 : 14188, 7, 2024/05/16, 22:19:00.419, 5522428460091, vstest.console.dll, TestRunRequest:SendTestRunMessage: Completed.
TpTrace Verbose: 0 : 14188, 4, 2024/05/16, 22:19:00.419, 5522428460302, vstest.console.dll, MulticastDelegateUtilities.SafeInvoke: InternalTestLoggerEvents.SendTestRunMessage: Invoking callback 1/1 for Microsoft.VisualStudio.TestPlatform.CommandLine.Internal.ConsoleLogger., took 0 ms.
TpTrace Verbose: 0 : 14188, 7, 2024/05/16, 22:19:00.419, 5522428460448, vstest.console.dll, MulticastDelegateUtilities.SafeInvoke: LengthPrefixCommunicationChannel: MessageReceived: Invoking callback 1/1 for Microsoft.VisualStudio.TestPlatform.CommunicationUtilities.TestRequestSender+<>c__DisplayClass34_0., took 0 ms.
TpTrace Verbose: 0 : 14188, 7, 2024/05/16, 22:19:00.419, 5522428461823, vstest.console.dll, TcpClientExtensions.MessageLoopAsync: Polling on remoteEndPoint: 127.0.0.1:49283 localEndPoint: 127.0.0.1:49282 after 3 ms
TpTrace Verbose: 0 : 14188, 7, 2024/05/16, 22:19:00.432, 5522428589314, vstest.console.dll, TcpClientExtensions.MessageLoopAsync: NotifyDataAvailable remoteEndPoint: 127.0.0.1:49283 localEndPoint: 127.0.0.1:49282
TpTrace Verbose: 0 : 14188, 7, 2024/05/16, 22:19:00.432, 5522428591144, vstest.console.dll, TestRequestSender.OnExecutionMessageReceived: Received message: {"Version":7,"MessageType":"TestExecution.Completed","Payload":{"TestRunCompleteArgs":{"TestRunStatistics":{"ExecutedTests":36,"Stats":{"Passed":36}},"IsCanceled":false,"IsAborted":false,"Error":null,"AttachmentSets":[],"InvokedDataCollectors":[],"ElapsedTimeInRunningTests":"00:00:00.7922370","Metrics":{},"DiscoveredExtensions":{"TestDiscoverers":["Xunit.Runner.VisualStudio.VsTestRunner, xunit.runner.visualstudio.testadapter, Version=2.8.0.0, Culture=neutral, PublicKeyToken=null"],"TestExecutors":["executor://xunit/VsTestRunner2/netcoreapp"],"TestExecutors2":[],"TestSettingsProviders":[]}},"LastRunTests":{"NewTestResults":[{"TestCase":{"Id":"d6eaec5a-5301-45ec-2263-56ba502c6284","FullyQualifiedName":"ASPNETAssignment1.Tests.Services.PersonBusinessLogicTests.IsUpperCaseFirstChar_ReturnsFalse_IfFirstCharIsNotUpperCase","DisplayName":"ASPNETAssignment1.Tests.Services.PersonBusinessLogicTests.IsUpperCaseFirstChar_ReturnsFalse_IfFirstCharIsNotUpperCase","ExecutorUri":"executor://xunit/VsTestRunner2/netcoreapp","Source":"C:\\Users\\Admin\\source\\repos\\ASPNETAssignment1\\BusinessTest\\bin\\Debug\\net8.0\\fine-code-coverage\\build-output\\ASPNETAssignment1.Tests.dll","CodeFilePath":null,"LineNumber":0,"Properties":[]},"Attachments":[],"Outcome":1,"ErrorMessage":null,"ErrorStackTrace":null,"DisplayName":"ASPNETAssignment1.Tests.Services.PersonBusinessLogicTests.IsUpperCaseFirstChar_ReturnsFalse_IfFirstCharIsNotUpperCase","Messages":[],"ComputerName":"DESKTOP-PB0A02F","Duration":"00:00:00.0001942","StartTime":"2024-05-16T15:19:00.4156591+00:00","EndTime":"2024-05-16T15:19:00.4156593+00:00","Properties":[]}],"TestRunStatistics":{"ExecutedTests":36,"Stats":{"Passed":36}},"ActiveTests":[]},"RunAttachments":[],"ExecutorUris":["executor://xunit/VsTestRunner2/netcoreapp"]}}
TpTrace Verbose: 0 : 14188, 7, 2024/05/16, 22:19:00.432, 5522428591954, vstest.console.dll, TestRequestSender.EndSession: Sending end session.
TpTrace Verbose: 0 : 14188, 7, 2024/05/16, 22:19:00.432, 5522428593281, vstest.console.dll, ProxyOperationManager.Close: waiting for test host to exit for 100 ms
TpTrace Verbose: 0 : 14188, 11, 2024/05/16, 22:19:00.463, 5522428906429, vstest.console.dll, TestHostManagerCallbacks.ctor: Experimental forwarding output is disabled.
TpTrace Warning: 0 : 14188, 11, 2024/05/16, 22:19:00.464, 5522428908479, vstest.console.dll, TestHostManagerCallbacks.ErrorReceivedCallback Test host standard error line: 
TpTrace Verbose: 0 : 14188, 11, 2024/05/16, 22:19:00.488, 5522429150512, vstest.console.dll, TestHostProvider.ExitCallBack: Host exited starting callback.
TpTrace Information: 0 : 14188, 11, 2024/05/16, 22:19:00.488, 5522429153040, vstest.console.dll, TestHostManagerCallbacks.ExitCallBack: Testhost processId: 11420 exited with exitcode: 0 error: ''
TpTrace Verbose: 0 : 14188, 11, 2024/05/16, 22:19:00.488, 5522429154005, vstest.console.dll, DotnetTestHostManager.OnHostExited: invoking OnHostExited callback
TpTrace Verbose: 0 : 14188, 11, 2024/05/16, 22:19:00.488, 5522429154992, vstest.console.dll, CrossPlatEngine.TestHostManagerHostExited: calling on client process exit callback.
TpTrace Information: 0 : 14188, 11, 2024/05/16, 22:19:00.488, 5522429155993, vstest.console.dll, TestRequestSender.OnClientProcessExit: Test host process exited. Standard error: 
TpTrace Information: 0 : 14188, 11, 2024/05/16, 22:19:00.488, 5522429156947, vstest.console.dll, SocketServer.Stop: Stop server endPoint: 127.0.0.1:49282
TpTrace Information: 0 : 14188, 7, 2024/05/16, 22:19:00.489, 5522429157004, vstest.console.dll, SocketServer.Stop: Stop server endPoint: 127.0.0.1:49282
TpTrace Information: 0 : 14188, 11, 2024/05/16, 22:19:00.489, 5522429157663, vstest.console.dll, SocketServer.Stop: Cancellation requested. Stopping message loop.
TpTrace Information: 0 : 14188, 7, 2024/05/16, 22:19:00.489, 5522429158880, vstest.console.dll, SocketServer.Stop: Cancellation requested. Stopping message loop.
TpTrace Information: 0 : 14188, 7, 2024/05/16, 22:19:00.489, 5522429161577, vstest.console.dll, Closing the connection
TpTrace Verbose: 0 : 14188, 11, 2024/05/16, 22:19:00.489, 5522429161665, vstest.console.dll, MulticastDelegateUtilities.SafeInvoke: HostProviderEvents.OnHostExited: Invoking callback 1/1 for Microsoft.VisualStudio.TestPlatform.CrossPlatEngine.Client.ProxyOperationManager., took 0 ms.
TpTrace Verbose: 0 : 14188, 7, 2024/05/16, 22:19:00.495, 5522429226686, vstest.console.dll, ProxyDataCollectionManager.InvokeDataCollectionServiceAction: Starting.
TpTrace Information: 0 : 14188, 7, 2024/05/16, 22:19:00.496, 5522429228106, vstest.console.dll, ProxyDataCollectionManager.AfterTestRunEnd: Get attachment set and invoked data collectors processId: 8648 port: 49279
TpTrace Verbose: 0 : 14188, 7, 2024/05/16, 22:19:00.496, 5522429229126, vstest.console.dll, DataCollectionRequestSender.SendAfterTestRunStartAndGetResult: Send AfterTestRunEnd message with isCancelled: False
TpTrace Verbose: 0 : 14188, 7, 2024/05/16, 22:19:00.508, 5522429348395, vstest.console.dll, DataCollectionRequestSender.SendAfterTestRunStartAndGetResult: Received message: (DataCollection.AfterTestRunEndResult) -> {"MessageType":"DataCollection.AfterTestRunEndResult","Payload":{"AttachmentSets":[],"InvokedDataCollectors":[{"Uri":"datacollector://Microsoft/TestPlatform/Extensions/Blame/v1","FriendlyName":"Blame","AssemblyQualifiedName":"Microsoft.TestPlatform.Extensions.BlameDataCollector.BlameCollector, Microsoft.TestPlatform.Extensions.BlameDataCollector, Version=15.0.0.0, Culture=neutral, PublicKeyToken=b03f5f7f11d50a3a","FilePath":"C:\\Program Files\\dotnet\\sdk\\8.0.200\\Extensions\\Microsoft.TestPlatform.Extensions.BlameDataCollector.dll","HasAttachmentProcessor":false}],"Metrics":{}}}
TpTrace Warning: 0 : 14188, 10, 2024/05/16, 22:19:00.513, 5522429405630, vstest.console.dll, DataCollectionLauncher.ErrorReceivedCallback datacollector standard error line: 
TpTrace Information: 0 : 14188, 7, 2024/05/16, 22:19:00.517, 5522429437862, vstest.console.dll, ProxyDataCollectionManager.InvokeDataCollectionServiceAction: Completed.
TpTrace Information: 0 : 14188, 10, 2024/05/16, 22:19:00.524, 5522429507439, vstest.console.dll, DataCollectionLauncher.ExitCallBack: Data collector exited with exitcode: 0 error: ''
TpTrace Verbose: 0 : 14188, 7, 2024/05/16, 22:19:00.559, 5522429861284, vstest.console.dll, TestRunRequest:SendTestRunStatsChange: Starting.
TpTrace Verbose: 0 : 14188, 7, 2024/05/16, 22:19:00.559, 5522429862618, vstest.console.dll, MulticastDelegateUtilities.SafeInvoke: TestRun.RunStatsChanged: Invoking callbacks was skipped because there are no subscribers.
TpTrace Information: 0 : 14188, 7, 2024/05/16, 22:19:00.559, 5522429863116, vstest.console.dll, TestRunRequest:SendTestRunStatsChange: Completed.
TpTrace Verbose: 0 : 14188, 4, 2024/05/16, 22:19:00.559, 5522429863685, vstest.console.dll, MulticastDelegateUtilities.SafeInvoke: InternalTestLoggerEvents.SendTestResult: Invoking callback 1/1 for Microsoft.VisualStudio.TestPlatform.CommandLine.Internal.ConsoleLogger., took 0 ms.
TpTrace Verbose: 0 : 14188, 7, 2024/05/16, 22:19:00.559, 5522429866431, vstest.console.dll, ParallelProxyExecutionManager: HandlePartialRunComplete: Total workloads = 1, Total started clients = 1 Total completed clients = 1, Run complete = True, Run canceled: False.
TpTrace Verbose: 0 : 14188, 7, 2024/05/16, 22:19:00.560, 5522429867033, vstest.console.dll, ParallelProxyExecutionManager: HandlePartialRunComplete: All runs completed stopping all managers.
TpTrace Verbose: 0 : 14188, 7, 2024/05/16, 22:19:00.560, 5522429867559, vstest.console.dll, ParallelOperationManager.StopAllManagers: Stopping all managers.
TpTrace Verbose: 0 : 14188, 7, 2024/05/16, 22:19:00.560, 5522429868079, vstest.console.dll, ParallelOperationManager.ClearSlots: Clearing all slots. Slots should accept more work: False
TpTrace Verbose: 0 : 14188, 7, 2024/05/16, 22:19:00.560, 5522429868737, vstest.console.dll, ParallelOperationManager.SetOccupiedSlotCount: Setting slot counts AvailableSlotCount = 3, OccupiedSlotCount = 0.
TpTrace Verbose: 0 : 14188, 7, 2024/05/16, 22:19:00.560, 5522429869418, vstest.console.dll, Occupied slots:

TpTrace Verbose: 0 : 14188, 4, 2024/05/16, 22:19:00.569, 5522429961496, vstest.console.dll, MulticastDelegateUtilities.SafeInvoke: InternalTestLoggerEvents.SendTestRunComplete: Invoking callback 1/2 for Microsoft.TestPlatform.Extensions.BlameDataCollector.BlameLogger., took 0 ms.
TpTrace Verbose: 0 : 14188, 4, 2024/05/16, 22:19:00.576, 5522430035970, vstest.console.dll, MulticastDelegateUtilities.SafeInvoke: InternalTestLoggerEvents.SendTestRunComplete: Invoking callback 2/2 for Microsoft.VisualStudio.TestPlatform.CommandLine.Internal.ConsoleLogger., took 7 ms.
TpTrace Verbose: 0 : 14188, 7, 2024/05/16, 22:19:00.577, 5522430040505, vstest.console.dll, TestRunRequest:TestRunComplete: Starting. IsAborted:False IsCanceled:False.
TpTrace Verbose: 0 : 14188, 7, 2024/05/16, 22:19:00.577, 5522430042849, vstest.console.dll, ParallelOperationManager.DoActionOnAllManagers: Calling an action on all managers.
TpTrace Verbose: 0 : 14188, 7, 2024/05/16, 22:19:00.578, 5522430054471, vstest.console.dll, TestLoggerManager.HandleTestRunComplete: Ignoring as the object is disposed.
TpTrace Verbose: 0 : 14188, 7, 2024/05/16, 22:19:00.579, 5522430057008, vstest.console.dll, MulticastDelegateUtilities.SafeInvoke: TestRun.TestRunComplete: Invoking callback 1/2 for Microsoft.VisualStudio.TestPlatform.CommandLine.TestRunResultAggregator., took 0 ms.
TpTrace Verbose: 0 : 14188, 7, 2024/05/16, 22:19:00.579, 5522430058686, vstest.console.dll, MulticastDelegateUtilities.SafeInvoke: TestRun.TestRunComplete: Invoking callback 2/2 for Microsoft.VisualStudio.TestPlatform.CommandLine.Processors.RunTestsArgumentExecutor+TestRunRequestEventsRegistrar., took 0 ms.
TpTrace Information: 0 : 14188, 7, 2024/05/16, 22:19:00.579, 5522430060010, vstest.console.dll, TestRunRequest:TestRunComplete: Completed.
TpTrace Verbose: 0 : 14188, 1, 2024/05/16, 22:19:00.579, 5522430060541, vstest.console.dll, TestRunRequest.Dispose: Starting.
TpTrace Verbose: 0 : 14188, 7, 2024/05/16, 22:19:00.579, 5522430060681, vstest.console.dll, TestRequestSender.SetOperationComplete: Setting operation complete.
TpTrace Information: 0 : 14188, 1, 2024/05/16, 22:19:00.579, 5522430061934, vstest.console.dll, TestRunRequest.Dispose: Completed.
TpTrace Information: 0 : 14188, 7, 2024/05/16, 22:19:00.579, 5522430063192, vstest.console.dll, SocketServer.Stop: Stop server endPoint: 127.0.0.1:49282
TpTrace Information: 0 : 14188, 1, 2024/05/16, 22:19:00.579, 5522430064306, vstest.console.dll, TestRequestManager.RunTests: run tests completed.
TpTrace Information: 0 : 14188, 7, 2024/05/16, 22:19:00.579, 5522430064873, vstest.console.dll, SocketServer.Stop: Cancellation requested. Stopping message loop.
TpTrace Information: 0 : 14188, 1, 2024/05/16, 22:19:00.579, 5522430066184, vstest.console.dll, RunTestsArgumentProcessor:Execute: Test run is completed.
TpTrace Verbose: 0 : 14188, 7, 2024/05/16, 22:19:00.580, 5522430067400, vstest.console.dll, MulticastDelegateUtilities.SafeInvoke: LengthPrefixCommunicationChannel: MessageReceived: Invoking callback 1/1 for Microsoft.VisualStudio.TestPlatform.CommunicationUtilities.TestRequestSender+<>c__DisplayClass34_0., took 147 ms.
TpTrace Information: 0 : 14188, 7, 2024/05/16, 22:19:00.580, 5522430068464, vstest.console.dll, SocketServer.PrivateStop: Stopping server endPoint: 127.0.0.1:49282 error: 
TpTrace Verbose: 0 : 14188, 1, 2024/05/16, 22:19:00.580, 5522430069260, vstest.console.dll, Executor.Execute: Exiting with exit code of 0
TpTrace Verbose: 0 : 14188, 7, 2024/05/16, 22:19:00.580, 5522430073444, vstest.console.dll, LengthPrefixCommunicationChannel.Dispose: Dispose reader and writer.
TpTrace Information: 0 : 14188, 7, 2024/05/16, 22:19:00.580, 5522430074641, vstest.console.dll, SocketServer.Stop: Raise disconnected event endPoint: 127.0.0.1:49282 error: 
